101191
101256
101275
101277
101279
101283
101655
101696
101764
101765
101766
101819
101866
101867
101868
101869
101870
101871
101872
103553
103738
103745
103758
103771
104312
104615
104625
104645
104648
104657
104669
104710
105140
105141
105150
105484
105728
105820
105828
105976
105982
105989
10623
10624
10625
10672
106924
106925
106935
106936
106937
106938
106939
10697
107006
107007
107036
107081
107082
107083
107084
107085
107086
107087
107088
107089
107090
107092
107094
107097
107098
107215
107216
107222
107245
107251
107271
107273
10738
107419
107481
107498
107503
107504
107543
107574
107576
107598
107599
108780
109012
10903
109171
109375
109376
109389
109416
109417
109418
109419
109460
109464
109465
109466
109467
109468
109551
109553
109556
109559
109793
109897
110020
110021
110022
110040
110041
110042
110080
110081
110082
110083
110134
110309
110310
110311
110312
110313
110314
110315
110316
110317
110318
11042
11045
11048
11050
11051
11052
11053
110590
11081
11087
11090
111081
111082
111083
111084
111085
111094
111095
111096
111097
111098
111099
111100
111101
111102
111104
111105
111109
111131
111247
111346
111347
111348
111384
111385
11144
111474
111732
111838
111839
111840
111841
111968
111969
111970
111971
112005
112006
112007
112036
112037
112038
112039
112040
112057
112124
112139
112165
112172
112257
112264
112292
112293
112294
112295
112296
112309
112338
112381
112389
112390
112391
112392
112394
112397
112398
112399
112455
112461
112462
112498
112527
112534
112535
112536
11254
11259
11261
11263
11265
112680
11269
112987
113000
113001
113002
113003
113004
113005
113006
113106
113108
113151
113152
113153
113167
113228
113297
113298
113299
113300
113301
113302
113337
113349
113354
113357
113358
113366
113369
113417
113474
113504
113508
113509
113734
113735
113736
113737
113739
113740
113874
113890
113912
113913
113914
113917
113918
113920
113921
113922
113923
113924
114003
114010
114028
114038
114245
114246
114250
114258
114296
114309
114310
114311
114312
114313
114314
11511
11515
11517
115196
115219
115220
115221
115364
115461
115463
11550
11551
115516
115520
115521
115522
115523
115524
11555
115565
115566
115567
115568
115715
115716
115717
115718
115719
115720
115721
115722
115731
115733
115736
115737
115740
115741
115742
115744
115745
115746
115747
115749
115750
115751
115753
115805
115810
115813
115942
11599
115991
116001
116003
116076
116077
116078
116079
116080
116081
116082
116083
116091
116120
116134
116135
116136
11617
11618
116221
116222
116234
116235
116269
116270
116290
11633
11634
11635
116352
11636
11637
11638
11639
116391
11640
116405
116407
11641
11642
11643
11644
11645
11646
11649
11650
11651
116515
11652
11653
116531
11654
11655
11656
11657
11658
11659
11660
116608
116649
116653
116657
116660
116663
116665
116667
116671
116675
116677
116680
116882
117088
117136
117180
117183
117184
117186
117189
117190
117191
117192
117193
117194
117195
117196
117197
117198
117199
117200
117201
117202
117203
117204
11729
11730
11731
117324
117384
117407
117410
117411
117412
117415
117416
117417
117418
117423
117424
117425
117426
117429
117432
117522
117523
117525
117530
117531
117532
117533
117534
117548
117549
117550
117551
117559
117560
117580
117582
117583
117585
117608
117618
117619
117620
117621
117622
117623
117648
117649
117658
117661
117662
117663
117669
117701
117702
117703
117717
117719
117721
117723
117725
117753
117756
117757
117758
117759
117784
117785
117786
117787
117790
117791
117795
117810
117811
117812
117813
117814
11783
11784
11785
117858
117859
11786
11787
117876
117877
117878
117879
11788
117880
117881
117882
117883
117884
117885
117886
117887
11789
117894
117895
11790
11791
11792
11793
11794
11795
117957
11796
11797
11798
117984
11799
117998
11800
118001
118004
118007
11801
118010
118011
118015
118016
11802
11803
118057
11806
118092
118124
118125
118178
118179
118189
118190
118191
118222
118223
118236
118237
118238
118277
118278
118279
118280
118307
118308
118318
118332
118333
118334
118335
118336
118366
118368
118370
118387
118388
118390
118399
118402
118403
118404
11841
118412
118414
118416
118442
118445
118449
118470
118495
118506
118507
118509
118511
118514
118520
118522
118535
118536
118537
118538
118545
118548
118550
118551
118553
118554
118582
118595
118596
118597
118598
118599
118600
118601
118602
118603
118616
118617
118618
118619
118620
118621
118623
118624
118625
118626
118627
118650
118710
118719
118720
118721
118722
118723
118724
118728
118729
118733
118735
118736
118741
118746
118763
118775
118776
118785
118788
118791
118806
118807
118808
118813
118828
118840
118841
118842
118846
118848
118849
118850
118851
118852
118855
118856
118857
118858
118859
118860
118871
118875
119008
119082
119083
119084
119110
11913
11914
119143
11915
119159
11916
11917
119170
11918
11919
11920
119204
11921
119219
119243
119244
119263
119264
119265
119266
119267
119268
119269
119270
119271
119274
119275
119277
119290
119310
119313
119320
119321
119322
119323
119324
119325
119326
119327
119328
119329
119330
119331
119332
119333
119334
119335
119336
119337
119338
119339
119344
119345
119348
119361
119362
119363
119364
119365
119366
119367
119368
119369
119376
119377
119378
119379
119380
119382
119383
119384
119385
119415
119416
119417
119418
119443
119444
119445
119446
119447
119485
119493
119497
119538
119552
119553
119554
119572
11996
120003
120010
120019
120020
120021
120022
120023
120024
120025
12005
12006
12007
120079
120080
120081
120082
120083
120089
12009
120091
120092
120093
120094
12010
120100
120101
120105
120106
120107
120108
120109
120110
120119
120120
120122
120129
120130
120144
120145
120146
120275
120345
120346
120478
12049
12051
120551
120553
120554
120555
120556
120557
120558
120559
120560
120561
120563
120565
120571
120572
120573
120574
120575
120576
120577
120578
120585
120654
120660
120663
12092
120937
120939
12095
120968
120970
120971
120972
120973
120974
121049
121050
121051
121052
121053
121054
121055
121056
121097
121103
121104
121105
121145
121146
121147
121149
121150
121151
121153
121154
121155
121165
121166
121195
121221
121222
121223
121224
121225
121226
121227
121228
121250
121263
121323
12143
12144
121517
121530
121534
12169
121690
12170
12171
121721
121753
121754
121776
121781
121812
121819
121950
121951
121966
121968
121970
121972
121974
121991
121997
121998
121999
122000
122034
122035
122036
122037
122038
122039
122040
122041
122042
122043
122044
122045
122197
122198
122199
122264
122265
122290
122291
122292
122293
122294
122295
122296
122297
122298
122300
122302
122304
122306
122308
122355
122371
122384
122385
122386
122387
122632
122663
122734
122738
122739
122789
122798
122804
122831
122832
122844
122852
122930
122931
122932
122933
122934
122935
122936
122937
122957
122958
122959
122960
122961
122962
122963
123078
123109
123110
123144
123147
123148
123149
123150
123151
123152
123153
123154
123155
123156
123157
123158
123220
123278
123330
123348
123353
123354
123355
123356
123359
123459
123488
123489
123490
123491
123587
123596
123598
123782
123791
123825
123856
123857
124043
124119
124120
124121
124122
124229
124231
124232
124233
124234
124235
124236
124238
124239
124240
124241
124243
124244
124245
124246
124276
124277
124322
124344
124370
124461
124525
124572
124614
124717
124721
12474
12475
12476
124786
124790
124886
124887
124888
124889
124890
124896
124900
124901
124973
124995
124996
124997
124998
124999
12510
125146
125147
125148
125149
125150
125151
125152
125153
125259
125260
125267
125323
125324
125325
125326
125336
125337
125345
125368
125369
125396
125397
125399
125400
125401
125402
125403
125404
125405
125406
125407
125408
125409
125410
125411
125412
125496
125540
125582
125583
125590
125595
125597
125598
125608
125669
125739
125740
125741
125742
125743
125744
125745
125746
125747
125799
125810
125898
125899
125907
125908
125910
125915
125916
125917
125944
125965
125967
125969
125970
125976
125977
125978
125979
125981
125986
125987
125988
125989
125990
125991
125995
125997
125999
126015
126016
126017
126018
126019
126021
126023
126025
126026
126027
126036
126037
126039
126049
126050
126051
126052
126054
126055
126056
126062
126063
126064
126065
126066
126067
126068
126069
126070
126071
126072
126073
126074
126075
126076
126077
126078
126079
126080
126081
126084
126085
126086
126087
126089
126090
126091
126092
126097
126098
126099
126100
126101
126118
126156
126169
126174
126189
126190
126191
126192
126193
126204
126205
126206
126207
126208
126209
126210
126211
126212
126213
126214
126215
126216
126217
126221
126222
126260
126263
126266
12627
126293
126304
126305
126306
126308
126309
126310
126312
126316
126317
126318
12633
12634
126344
12639
127002
127042
127043
127044
127047
12706
127061
127068
12707
12708
12709
127152
127153
127154
127430
127488
127494
127510
127511
127512
127513
127544
127639
127642
127661
127712
127713
127738
127751
127824
127828
127829
127835
127838
127852
127853
127855
127856
127919
127951
127952
127953
127960
127968
127979
127980
127981
127982
127993
127994
127995
128016
128051
128052
128053
128064
12807
128079
12808
128080
12809
12810
12811
12812
12813
12814
12816
128165
128166
128168
12817
128177
12818
128180
128182
128186
12819
128193
128195
12820
128227
128228
128229
128230
128231
128237
128238
128239
128240
128242
128243
128244
128292
128293
128294
128295
128296
128297
128298
128320
128347
128348
128360
128361
128409
128410
128421
128422
12848
12849
12850
128532
12958
12959
12962
12972
12974
130015
130021
130075
130082
130099
130100
130101
130173
13019
130254
130344
130353
130387
130388
130415
130416
130417
130546
130633
130643
130644
130645
130782
130791
130794
130885
130916
131074
131075
131078
131079
131152
131226
131263
131332
131343
131344
131345
131346
131347
131348
131349
131350
131358
131487
131528
131529
131549
131550
131579
131580
131604
131605
131606
131607
131608
131609
131611
131629
131630
131825
131826
131827
131828
131829
131836
131848
131849
131884
131885
131886
131936
131937
131974
131976
131999
132000
132013
132035
132053
132102
132214
132219
132220
132221
132222
132223
132224
132225
132253
132254
132255
132339
132365
132366
132420
132421
132422
132423
132424
132425
132491
132520
132538
132577
132584
132637
132718
132722
132724
132728
132731
132732
132774
132785
132836
132921
133111
133132
133133
133134
133135
133136
13326
133279
133280
133281
133282
133283
133284
133285
133286
133287
133288
133312
133313
133314
133315
133316
133333
133338
133343
133344
133345
133346
133347
133348
133372
133373
133374
133375
133399
133429
133430
133436
133437
133438
133439
133690
133714
133724
133764
133765
133890
133891
133892
133965
134028
134029
134030
134031
134032
134080
134081
134082
134083
134084
134106
134167
134168
13417
134170
134171
134172
13418
134203
134207
134213
134214
134217
13424
13425
134256
134307
134308
134309
134310
134311
134312
134313
134370
134372
134374
134379
134380
134381
134495
134496
134497
134498
134509
134511
134513
134522
134523
134536
134598
134601
134602
134645
134646
134647
134648
134671
134713
134875
134882
134883
134958
134961
134964
134999
135000
135001
135030
135032
135070
135071
135072
13510
135104
13511
13512
13513
135180
135181
135186
135187
135205
135340
135345
135348
135349
135718
135822
135823
135824
135826
135827
135905
136037
136041
136043
136044
136045
136048
136067
136069
136071
136073
136077
136198
136199
136200
136202
136204
136207
136212
136222
136223
136224
136225
136226
136227
136239
136240
136241
136242
136271
136279
136280
136300
136301
136303
136313
136347
136351
136352
136353
136354
136386
136388
136394
136395
136396
136488
136489
136495
136497
136498
136503
136504
136505
136506
136507
136565
136566
136568
136569
136570
136571
136574
136575
136576
136577
13667
136670
136671
136677
136790
136798
136811
136832
136838
136839
136854
136935
136936
137051
137102
137103
137132
137136
137173
137220
137231
137234
137236
137256
137293
137409
137410
137411
137412
137413
137421
137422
137477
137480
137481
137482
137483
137484
137563
137567
137568
137569
137618
137619
137732
137733
13774
137782
137784
137785
137786
137801
137836
137844
137847
137848
137849
137850
137851
137852
137853
137854
137858
137879
137880
137881
137893
137958
137967
137968
137977
138089
138092
138129
138130
138131
138132
138133
138176
138191
138192
138193
138194
138195
138196
138211
138215
138363
138380
138389
138390
138391
138392
138401
138402
138467
138468
138480
138513
138522
138544
138548
138549
138553
138556
138557
138558
138561
138562
138576
138591
138595
138625
138636
138654
138681
138682
138683
138684
138685
138689
138692
138693
138696
138698
138699
138700
138702
138703
138705
138707
138708
138712
138718
138724
138726
138727
138746
138761
138774
138779
138780
138799
138800
138802
138803
138804
138805
138808
138809
138810
138811
138812
138813
138814
138815
138816
138817
138818
138819
138831
138842
138847
138848
13887
13888
138894
138900
138923
138925
138930
138935
138937
138951
138967
138971
138972
138973
138974
138975
138976
138978
138987
139000
139001
139004
139015
139022
139049
139050
139052
139055
139056
139060
139061
139063
139064
139193
139202
139258
139297
139311
139312
13968
13990
140082
140200
140254
140255
140497
140546
140784
140984
140985
140986
140987
140988
140989
141035
141221
141222
141223
141254
141255
141256
141293
141313
141314
141315
141316
141317
141318
141395
141493
141499
141510
141580
141581
141681
141683
141699
141700
141709
141710
141711
141775
141881
141882
141883
141885
141919
142007
142094
142113
142164
142165
142166
142167
142170
142198
142220
142221
142222
142223
142245
142246
142247
142248
142335
142336
142337
142338
142385
142436
142438
142495
142496
142497
142498
142499
142562
142639
142730
142739
142740
142741
142742
142743
142744
142745
142766
142801
142807
142846
142964
143021
143039
143040
143046
143173
143192
143273
143274
143275
143276
143277
143278
143291
143359
143360
143361
143413
143458
143474
143476
143485
143653
143661
143700
143767
143768
143769
143770
143771
143772
143773
143810
143811
143812
143868
143869
143870
143871
143872
143881
143885
143886
143887
143928
143961
143966
143967
143968
143972
143973
143974
143985
143987
143988
143989
143990
143994
144071
144082
144093
144104
144130
144134
144135
144166
144225
144313
144314
144319
144325
144326
144391
144406
144461
144475
144476
144507
144508
144509
144585
144587
144599
144648
144651
144652
144655
144656
144660
144661
144663
144664
144667
144668
144670
144672
144673
144674
144675
144676
144677
144678
144679
144680
144681
144684
144744
144745
144746
144756
144786
144788
144794
144796
144801
144803
144804
144818
144825
144826
144830
144831
144832
144838
144852
144853
144913
144943
144944
144945
144946
144958
144978
144979
144980
144981
144982
144983
145038
145039
145082
145083
145097
145119
145149
145180
145181
145183
145185
145186
145187
145188
145189
145190
145220
145222
145250
145251
145252
145253
145254
145255
145256
145264
145265
145272
145273
145274
145275
145282
145283
145284
145285
145286
145288
145289
145290
145291
145292
145293
145294
145297
145298
145299
145300
145301
145302
145303
145304
145305
145306
145307
145308
145309
145310
145311
145312
145321
145343
145344
145345
145346
145347
145359
145360
145362
145377
145382
145383
145387
145429
145434
145442
14552
14553
14554
14555
14556
14564
145645
145707
145713
145715
145810
145822
145835
145838
145843
145863
145865
145866
145867
145868
145890
145954
145955
145956
146033
146060
146061
146062
146063
146064
146065
146066
146067
14610
146103
146104
146105
146114
146117
146121
146122
146123
146124
146132
146133
146134
146138
146140
146141
146146
14615
14618
146190
146356
146372
146375
146456
146459
146502
146505
146596
146597
146598
146599
146600
14666
14667
14668
14669
14670
14671
146743
14675
146769
14677
146770
146771
146778
146779
14678
146780
14679
146790
14683
14684
146844
146922
146956
14696
147065
147066
147067
14708
147080
147083
147084
14709
147188
147204
147205
147210
147211
147212
147213
147220
147221
147228
147229
147230
147231
147232
147252
147259
14727
14728
147280
147290
147291
147292
147293
147295
147296
147316
147343
147347
147355
147356
147357
147373
14738
147380
147381
147386
147387
147388
147389
147390
147391
147393
147394
147395
147396
147397
147415
147420
147421
147424
147425
147426
147427
147428
147430
147443
147444
14746
14748
147480
147484
147485
147490
147496
147497
147498
147499
14750
147500
147505
147507
14752
147525
147527
147552
147555
147567
147598
14760
14761
14762
14763
14764
14765
147658
147659
147660
147662
147675
147681
147682
147686
147724
147725
147726
147727
147738
147739
14776
14777
14778
147780
147820
147821
147822
147823
147824
147825
14784
14785
14787
14788
14789
14790
14791
147910
147911
14792
14793
147938
14794
14795
14797
14798
14799
14800
14801
14802
14803
148033
148051
148063
14807
14811
14813
148200
148208
14822
148320
148358
148362
148367
148399
148402
148418
148420
148421
148422
148472
148489
148490
148496
148497
148498
14854
148688
148697
148698
148699
148700
148701
148715
148717
148718
148740
148741
148742
148743
148750
148751
148752
148753
148754
148755
148756
148757
148758
148759
148760
148761
148762
148763
148764
148765
148766
148767
148768
148769
148770
148771
148772
148773
148778
148779
148785
148786
148788
148789
148790
14882
14883
148905
148918
149005
149031
149032
149033
149050
149051
149052
149081
149082
149083
149084
149085
149086
149087
149088
149092
149099
149126
149128
149130
149132
149134
149147
149148
149149
149150
149160
149161
149164
149165
149166
149168
149171
149175
149182
149183
149215
149216
149217
149241
149263
149265
149270
149271
149272
149274
149277
149278
149279
14928
149280
14930
14954
14955
14957
14989
150090
150092
150093
150094
150095
150096
150097
150099
150191
150198
150233
150234
150236
150237
150238
150239
150240
150241
150314
150315
150344
150366
150367
150394
150445
150458
150463
150464
150759
150760
150802
150803
150806
150807
150808
150809
150810
150824
150915
151290
151447
151448
151467
151494
151522
151528
151533
151534
151535
151537
151538
151544
151546
151548
151556
151557
151558
151559
151561
151587
151610
151621
151638
151639
151693
151694
151695
151696
151705
151706
151732
151733
151734
151748
151756
151768
151780
151826
151827
151828
151829
151830
151841
151842
151843
151844
151845
151852
151853
151854
151890
151903
151922
151948
151980
152035
152036
152038
152053
152207
152208
152209
152210
152211
152212
152213
152214
152215
152216
152217
152218
152219
152220
152221
152248
152250
152251
152252
152253
152254
152255
152257
152258
152259
152260
152261
152262
152263
152264
152270
152283
152343
152344
152345
152346
152347
152348
152396
152397
152450
152451
152452
152453
152454
152455
152456
152457
152459
152460
152461
152462
152463
152464
152479
152488
152556
152559
152563
152594
152609
152620
152636
152655
152661
152662
152663
152717
152767
152784
152785
152786
152795
152796
152797
152798
152807
152816
152866
152867
152880
152886
152887
152936
153025
153026
153039
153053
153054
153055
153056
153060
153070
153072
153077
153099
153108
153125
153208
153210
153211
153223
153224
153225
153226
153228
153229
153230
153240
153241
153242
153243
153244
153245
153246
153250
153251
153255
153259
153260
153274
153333
153340
153342
153344
153345
153346
153347
153348
153349
153350
153351
153386
153398
153399
153402
153404
153405
153411
153419
153420
153421
153422
153424
153425
153461
153462
153463
153465
153466
153467
153480
153501
153505
153510
153511
153527
153528
153614
153672
153686
153687
153688
153714
153715
153716
153717
153718
153719
153720
153721
153722
153723
153724
153725
153726
153727
153728
153738
153739
153740
153741
153742
153743
153744
153745
153746
153747
153748
153756
153808
153867
153871
153872
153873
153874
153895
153896
153897
153898
153900
153905
153909
153967
153968
153969
153970
153971
153972
153973
153974
153975
153976
153977
154056
154058
154060
154062
154064
154066
154073
154086
154087
154088
154089
154090
154091
154142
154145
154146
154147
154150
154189
154228
154249
154250
154251
154252
154316
154320
154347
154373
154384
154385
154386
154387
154388
154391
154396
154403
154411
154412
154416
154453
154454
154455
154457
154458
154459
154460
154461
154462
154463
154464
154465
154466
154467
154468
154469
154479
154480
154481
154482
154517
154524
154525
154526
154664
154679
154680
154686
154687
154689
154692
154716
154721
154722
154723
154756
154757
154758
154759
154775
154778
154790
154824
154890
154891
154914
154915
154928
154932
154933
154934
154935
154936
154937
154938
154939
154940
154941
154942
154980
154981
154986
154991
155018
155019
155030
155032
155056
155067
155068
155111
155116
155122
155123
155215
155216
155224
155226
155228
155229
155230
155276
155277
155278
155279
155280
155281
155295
155302
155303
155315
155321
155322
155323
155335
155336
155368
155370
155382
155386
155387
155388
155390
155393
155394
155443
155447
155464
155469
155539
155540
155546
155548
155550
155551
155558
155559
155560
155561
155562
155573
155575
155576
155585
155586
155587
155588
155593
155594
155595
155596
155597
155598
155599
155600
155601
155602
155603
155605
155606
155619
155620
155621
155622
155636
155637
155647
155649
155666
155667
155668
155712
155719
155720
155730
155731
155740
155741
155742
155743
155752
155753
155761
155779
155822
155827
155858
155864
155874
155887
155906
155907
155908
155909
155916
155929
155930
155977
155993
156002
156003
156008
156009
156010
156011
156012
156013
156014
156015
156016
156017
156064
156065
156067
156091
156092
156096
156106
156115
156119
156124
156125
156135
156136
156153
156154
156183
156184
156185
156186
156230
156251
156295
156306
156307
156308
156309
156310
156331
156333
156341
156353
156357
156366
156381
156384
156385
156406
156407
156408
156409
156420
156423
156426
156464
156469
156489
156490
156500
156528
156529
156531
156532
156533
156534
156535
156536
156537
15656
156574
156575
156576
156577
156578
156579
156580
156581
156582
156583
156584
156585
156593
156616
156617
156773
156774
156775
156776
156960
156961
156962
156963
156978
156979
156980
156982
156983
156984
156985
156986
156990
156991
156992
156993
156994
157003
157016
157027
157035
157050
157051
157052
157053
157054
157138
157139
157140
157144
157145
157184
157185
157284
157313
157315
157317
157333
157339
157340
157351
157367
157368
157369
157384
157397
157399
157400
157407
157416
157417
157418
157470
157484
157531
157532
157533
157534
157544
157560
157561
157563
157610
157651
157658
157668
157669
157670
157671
157672
157674
157675
157676
157677
157678
157679
157741
157750
157777
157779
157780
157781
157782
157783
157784
157834
157835
157836
157863
157871
157880
157886
157891
157905
157906
157907
157957
157965
158101
158104
158105
158106
158157
158185
158195
158196
158197
158198
158209
158210
158211
158212
158213
158214
158215
158216
158217
158218
158219
158220
158221
158222
158223
158224
158225
158226
158227
158228
158229
158230
158231
158232
158244
158247
158279
158312
158372
158373
158486
158487
158537
158566
158567
158568
158570
158584
158585
158586
158587
158763
158764
158765
158766
158768
158769
158839
158841
158843
158863
158870
158940
158998
159014
159020
159044
159045
159046
159103
159104
159105
159106
159123
159135
159136
159149
159150
159151
159152
159153
159154
159155
159156
159157
159158
159159
159160
159161
159162
159163
159164
159165
159166
159167
159168
159169
159170
159171
15918
159187
159188
159189
159198
159233
159238
159239
159246
159247
159262
159263
159264
159265
159286
159287
159288
159289
159291
159292
159294
159312
159313
159395
159396
159408
159420
159421
159422
159423
159424
159425
159426
159428
159431
159443
159444
159445
159446
159447
159448
159450
159451
159583
159592
159600
159602
159615
159630
159645
159646
159647
159649
159650
159651
159652
159654
159655
159656
159658
159659
159663
159668
159670
159673
159691
159692
159693
159694
159695
159696
159697
159698
159699
159712
159714
159727
159728
159729
159730
159731
159732
159733
159760
159766
159767
159768
159769
159770
159778
159793
159794
159851
159852
159853
159854
159855
159856
159857
159870
159873
159874
159875
159908
159920
159926
160007
160008
160009
160010
160011
160012
160013
160014
160015
160016
160017
160018
160019
160020
160021
160022
160023
160024
160025
160026
160027
160028
160029
160030
160031
160032
160033
160034
160035
160036
160037
160038
160039
160040
160041
160042
160045
160054
160060
160061
160062
160064
160088
160090
160091
160092
160093
160094
160096
160097
160112
160113
160114
160115
160126
160150
160151
160154
160155
160159
160160
160161
160162
160163
160165
160173
160187
160194
160195
160281
160289
160290
160318
160371
160373
160387
160388
160389
160390
160391
160392
160394
160415
160434
160435
160436
160442
160443
160444
160445
160446
160447
160448
160452
160467
160468
160469
160470
160498
160505
160628
160645
160646
160647
160648
160657
160660
160661
160697
160703
160704
160705
160707
160709
160720
160753
16078
160863
160865
160866
160875
160876
16088
160887
160888
160889
16089
160893
160925
160927
160928
160945
160966
160967
160999
16100
161000
161001
161002
161018
161019
161027
161028
161127
161146
161157
161258
161281
16131
161318
161319
161323
161338
161339
161342
161343
161345
161346
161347
161348
161349
161350
161351
161352
161353
161355
161357
161359
161387
161395
161396
161397
161398
161399
161400
161401
161407
161415
161420
161421
161422
161423
161424
161425
161426
161427
161428
161430
161431
161432
161459
161481
161503
161506
161537
161559
161560
161561
161570
161573
161574
161575
161576
161577
161578
161643
161644
161645
161646
161647
161648
161651
161652
161653
161654
161655
161656
161669
161670
161702
161734
161758
161764
161772
161808
161827
161852
161853
161854
161855
161856
161876
161877
161905
16195
161987
161999
162007
162039
162081
162101
162102
162122
162123
162143
162144
162145
162146
162159
162165
162187
162191
162196
162220
162221
162222
162223
162224
162225
162226
162227
162228
162229
162266
162287
162350
162351
162352
162353
162354
162355
162356
162357
162358
162359
162360
162361
162362
162363
162364
162365
162366
162367
162384
162393
162394
162395
162396
162397
162400
162401
162402
162403
162575
162576
162577
162593
162606
162645
162647
162648
162654
162658
162727
162729
162731
162743
162752
162759
162760
162761
162777
162781
162806
162829
162886
162890
162891
162929
162937
162953
162957
162958
162959
163042
163146
163147
163148
163192
163195
163197
163215
163251
163269
163270
163271
163276
163277
163278
163279
163280
163281
163282
163306
163355
163373
163387
163388
163389
163390
163391
163392
163393
163394
163395
163396
163397
163410
163415
163416
163419
163424
163427
163437
163438
163439
163440
163441
163442
163459
163460
163461
163462
163469
163470
163484
163485
163486
163487
163488
163492
163493
163545
163565
163566
163607
163660
163668
163671
163675
163677
163679
163698
163722
163731
163732
163733
163741
163744
163745
163755
163759
163769
163770
163771
163772
163773
163774
163775
163797
163799
163801
163849
163850
163862
163877
163878
163879
163880
163881
163882
163883
163884
163885
163909
163913
163926
163927
163938
163939
163940
163941
163944
163976
163984
163990
164005
164006
164096
164140
164169
164216
164226
164227
164228
164229
164230
164231
164232
164233
164365
164366
164370
164372
164373
164374
164375
164376
164377
164378
164403
164404
164407
164431
164445
164449
164455
164471
164481
164548
164551
164568
164580
164581
164582
164583
164586
164616
164624
164633
164636
164639
164640
164641
164667
164683
164697
164699
164758
164759
164760
164761
164765
164771
164810
164830
164831
164834
164907
164954
164955
164956
164957
164958
164981
164982
164983
164996
164997
164999
165036
165038
165053
165061
165062
165063
165064
165163
165168
165169
165179
165408
165409
165410
165411
165413
165415
165416
165417
165418
165419
165420
165421
165422
165423
165449
165450
165451
165452
165453
165454
165455
165494
165664
165665
165666
165667
165683
165700
165701
165702
165703
165704
165705
165719
165728
165771
165772
165773
165774
165775
165776
165777
165778
165803
165804
165839
165873
165874
165894
165896
165897
165898
165899
165900
165901
165902
165918
165931
165932
165933
165980
166048
166058
166111
166114
166132
166134
166136
166137
166139
166153
166155
166156
166157
166158
166196
166201
166206
166226
166227
166229
166230
166231
166232
166241
166285
166286
166287
166346
166347
166348
166349
166452
166507
166642
166650
166651
166653
166654
166655
166666
166677
166709
166712
166789
166790
166791
166792
166793
166794
166795
166796
166797
166798
166827
166832
166836
166873
166892
166918
166919
166922
166923
166924
166989
166990
166991
167009
167010
167030
167031
167032
167039
167040
167041
167046
167115
167116
167119
167120
167141
167144
167156
167157
167158
167159
167177
167250
167255
167256
167267
167317
167318
167319
167503
167504
167506
167576
167577
167578
167581
167582
167584
167589
167606
167607
167622
167639
167640
167641
167642
167668
167669
167684
167685
167702
167704
167705
167714
167738
167740
167742
167835
167890
167891
167892
167893
167903
167905
167906
167919
167920
167921
167948
167950
167952
167970
167971
167972
167973
167993
167994
167995
167996
167997
167998
167999
168005
168007
168052
168053
168094
168095
168096
168097
168098
168099
168100
168101
168102
168103
168104
168105
168106
168113
168114
168115
168116
168117
168137
168139
168141
168142
168143
168144
168145
168215
168255
168256
168257
168258
168342
168343
168358
168360
168361
168362
168383
168422
168423
168424
168425
168426
168427
168442
168443
168444
168445
168467
168468
168469
168501
168595
168633
168653
168654
168703
168704
168705
168706
168707
168708
168734
168749
168796
168799
168855
168856
168857
168858
168859
168860
168887
168888
168889
168919
168998
169013
169023
169024
169025
169026
169035
169037
169042
169077
169078
169095
169231
169232
169338
169340
169341
169342
169343
169364
169366
169380
169381
169413
169415
169417
169419
169434
169449
169452
169454
169455
169456
169459
169460
169461
169469
169482
169535
169536
169544
169545
169548
169558
169559
169564
169565
169601
169610
169619
169699
169725
169728
169751
169752
169753
169754
169755
169756
169757
169810
169842
169846
169849
169862
169863
169876
169877
169934
169935
169936
169937
169968
169982
169983
169984
169985
169987
169988
169989
169998
170035
170052
170146
170148
170150
170155
170159
170161
170163
170168
170198
170227
170261
170263
170289
170290
170291
170292
170293
170295
170322
170329
170464
170465
170568
170581
170584
170623
170628
170664
170666
170668
170670
170674
170675
170687
170690
170748
170775
170776
170784
17081
170867
170868
170882
170897
170906
170907
170908
170911
170912
170913
170946
170949
17097
171000
171029
171030
171108
171109
171110
171111
171112
171113
171114
171115
171116
171117
171118
171119
171120
171136
171191
171237
171241
171242
171278
171404
171448
171463
171471
171472
171473
171474
171478
171481
171482
171483
171484
171485
171491
171498
171531
171532
171533
171534
171535
171536
171537
171538
171539
171540
171541
171542
171543
171544
171545
171546
171547
171565
171566
171585
171586
171587
171589
171590
171591
171592
171593
171594
171595
171596
171597
171598
171599
171678
171683
171715
171731
171732
171749
171823
17193
171972
171986
172012
172013
172014
172015
172016
172017
172024
172025
172028
172036
172056
172059
172076
172077
172078
172079
172080
172081
172082
172083
172084
172089
172090
172091
172092
172093
172094
172095
172096
172097
172098
172160
172162
172164
172166
172183
172209
172210
172231
172276
172277
172278
172281
172282
172283
172284
172285
172297
172298
172299
172300
172301
172302
172303
172304
172305
172306
172307
172308
172309
172326
172365
172367
172371
172372
172377
172378
172382
17243
172511
172513
172514
172515
172516
172517
172522
172539
172571
172615
172616
172629
172630
172631
172632
172633
172635
172637
172639
172640
172642
172643
172644
172645
172646
172647
172648
172649
172650
172651
172652
172653
172654
172656
172657
172658
172659
172660
172661
172662
172663
172664
172665
172666
172667
172668
172669
172671
172672
172674
172675
172676
172677
172678
172679
172680
172681
172682
172683
172685
172687
172688
172689
172690
172691
172692
172693
172694
172695
172696
172697
172698
172700
172701
172702
172703
172704
172706
172707
172708
172709
172710
172711
172712
172714
172715
172717
172718
172719
172735
172762
172801
172802
172829
172889
172905
173010
173041
173048
173049
173050
173054
173057
173059
173060
173061
173062
173064
173066
173068
173094
173095
173103
173109
173169
173170
173176
173181
173182
173183
173184
173185
173186
173187
173188
173189
173190
173191
173194
173195
173196
173197
173198
173199
17320
173200
173201
173204
173228
173229
173230
173231
173232
173237
173325
173326
173327
173328
173329
173330
173331
173341
173342
173344
173352
173353
17339
173392
173450
173451
173452
173453
17347
173479
173480
173503
173531
173532
173533
173534
173535
173588
173590
173591
173592
173605
173606
173607
173620
173639
173663
173672
173673
173682
173684
173703
173729
173730
173731
173732
173751
173752
173765
173766
173767
173768
173787
173788
173789
173791
173792
173793
173794
173796
173797
173798
173812
173814
173815
173816
173818
173819
173820
173821
173822
173823
173826
173828
173831
173855
173856
173857
173858
173889
173967
173976
173977
174013
174014
174015
174079
174135
174138
174139
174147
174148
174149
174150
174151
174152
174171
174188
174189
174190
174191
174196
174197
174270
174289
174295
174298
174311
174322
174337
174338
174378
174408
174409
174444
174445
174446
174450
174464
174471
174526
174527
174536
174544
174545
174551
174552
174553
174554
174555
174556
174567
174573
174574
174575
174576
174580
174609
174610
174612
174613
174631
174632
174633
174634
174635
174642
174644
17486
17488
17489
17619
17629
17630
17631
17632
17633
17634
17635
17636
17637
17661
17666
17667
17707
17709
17710
17711
17712
17713
17714
17727
17731
17778
17789
17800
17801
17802
17803
17804
180008
180026
180027
180028
180029
180030
180033
180034
180035
180036
180037
180038
180039
180040
180041
180086
180119
180121
180134
180149
180151
180157
180162
180164
180168
180169
180172
180173
180174
180187
180192
180193
180277
180341
180363
180370
180448
180458
180460
180462
180464
180470
180533
180534
180535
180541
180576
180577
180578
180579
180591
180597
180637
180638
180639
180640
180641
180642
180643
180644
180645
180646
180647
180649
180650
180651
180652
180653
180654
180655
180656
180657
180658
180659
180660
180661
180662
180663
180664
180665
180666
180667
180668
180669
180670
180671
180672
180673
180674
180675
180676
180677
180678
180679
180680
180681
180682
180683
180684
180685
180686
180687
180688
180689
180690
180691
180692
180737
180738
180739
180740
180741
180742
180743
180744
180745
180746
180747
180755
180810
180814
180816
180838
180839
180840
180841
180842
180858
180860
180862
180863
180865
180867
180924
180925
180926
180927
180941
180942
180943
180946
180948
180949
180966
180975
180982
180987
180988
181011
181021
181043
181044
181045
181046
181125
181127
181151
181152
181153
181154
181206
181207
181209
181211
181212
181213
181214
181215
181216
181217
181218
181219
181220
181223
181226
181227
181228
181229
181230
181231
181232
181233
181234
181235
181236
181237
181238
181239
181240
181241
181301
181313
181314
181315
181397
181398
181399
181400
181401
181433
181467
181469
181470
181480
181509
181510
181511
181515
181519
181520
181521
181522
181523
181524
181525
181569
181571
181653
181654
181655
181656
181657
181659
181665
181668
181669
181670
181671
181679
181680
181682
181683
181686
181687
181689
181691
181693
181696
181697
181698
181699
181700
181701
181732
181736
181742
181743
181744
181745
181748
181749
181754
181824
181839
181840
181841
181842
181849
181911
181912
182001
182020
182035
182036
182039
182040
182041
182042
182043
182044
182045
182066
182069
182071
182076
182079
182147
182184
182188
182191
182194
182198
182201
18224
182252
182253
182280
182303
182304
182305
182306
18231
182314
182328
182338
182402
182421
182422
182423
182424
182425
182426
182431
182432
182433
182434
182464
182465
182466
182467
182468
182527
182528
182529
182530
182531
182532
182554
182558
182566
182567
182618
182627
182647
182663
182666
182693
182694
182766
182767
182768
182769
182770
182771
182772
182773
182830
182891
182898
182908
182918
182919
182920
182921
182922
182923
182924
182933
182935
182950
182951
182952
182953
182962
182970
182976
182982
183011
183014
183017
183020
183022
183031
183032
183033
183034
183035
183043
183085
183086
183087
183088
183089
183090
183091
183092
183104
183105
183106
183107
183108
183111
183112
183113
183114
183115
183116
183219
183220
183221
183222
183223
183224
183225
183226
183231
183296
183301
183330
183331
183332
183351
183453
183464
183465
183467
183500
183562
183588
183590
183600
183612
183613
183614
183615
183616
183617
183632
183633
183634
183635
183636
183663
183665
183686
183697
183700
183702
183703
183704
183730
183731
183732
183733
183748
183749
183750
183768
183769
183770
183788
183789
183810
183811
183812
183819
183820
183823
183827
183841
183842
183859
183870
183873
183881
183920
184013
184034
184072
184073
184075
184076
184077
184082
184083
184084
184085
184086
184103
184117
18413
184131
184145
184160
184161
184162
184165
184166
184167
184168
184169
184170
184198
184199
184200
184201
184202
184217
184231
184232
184233
184234
184235
184265
184266
184273
184279
184312
184313
184314
184315
184316
184317
184329
184330
184339
184340
184342
184343
184369
184414
184444
184446
184447
184448
184564
184579
184582
184585
184586
184588
184589
184597
184598
184696
184729
184730
184754
184758
184765
184932
184933
184952
184954
184969
184972
184973
184974
184975
184976
184977
184978
184979
184980
184981
184983
184985
184986
184987
184988
185003
185052
18509
185094
185096
185097
185098
185099
18510
185100
185101
185102
185106
185107
185108
185109
18511
185110
185111
185112
185113
185114
185115
185116
185119
18512
185122
18513
185135
185136
185137
185138
185139
18514
185140
185141
185144
185146
18515
185151
18516
18517
185179
185181
185183
185185
185187
185189
185192
185193
185194
185195
185196
185198
185200
185201
185202
185203
185204
185205
185209
185218
185233
185234
185235
185236
185237
185238
185239
185240
185241
185243
185244
185245
185246
185247
185248
185273
185274
185284
185285
185286
185287
185297
185326
185354
185358
185359
185368
185369
185370
185371
185372
185373
185391
185393
185397
185399
185401
185403
185410
18544
185471
185472
185473
185474
185475
185476
185477
185501
185524
185539
185541
185542
185589
185590
185591
185604
185612
185616
185617
185619
185693
185710
185711
185712
18577
18578
18579
18580
18581
185822
185846
185848
185849
18586
185864
185865
185866
185867
18587
185896
185899
185901
185903
185907
185912
185923
185927
185928
185929
185930
185931
185933
186050
186051
186052
186053
186139
186142
186145
186152
186169
186170
186171
186174
186179
186180
186181
186182
186209
186213
186215
186217
186220
186221
186227
186233
186250
186251
186252
186258
186269
186270
186272
186273
186275
186276
186278
186279
186305
186306
186307
186326
186406
186434
186447
186453
186454
186455
186456
186477
186478
186479
186480
186481
186482
186483
186484
186485
186494
186495
186496
186500
186525
186526
186527
186534
186535
186539
186540
186541
186562
186564
186566
186580
186581
186582
186592
186593
186594
186595
186596
186597
186598
186599
186605
186651
186659
186660
186661
186662
186663
186664
186665
186666
186667
186668
186669
186670
186671
186708
186709
186710
186711
186712
186713
186726
186728
186729
186730
186731
186732
186733
186734
186735
186736
186737
186767
186768
186776
186777
186778
186779
186780
186781
186782
186783
186806
186807
186809
186810
186811
186813
186819
186860
186861
186862
186863
186864
186871
186882
186883
186884
186896
186897
186898
186924
186926
186952
186954
186956
186959
186960
186962
186967
186969
186973
186975
186977
186983
186989
187013
187025
187029
187064
187065
187066
187067
187068
187069
187070
187071
187094
187201
187202
187219
187221
187222
187223
187224
187225
187263
187273
187275
187278
187279
187280
187281
187282
187283
187284
187285
187286
187287
187288
187289
187323
187338
187339
187340
187341
187342
187343
187344
187345
187348
187404
187413
187422
187428
187429
18747
187476
187479
187486
18749
187498
187504
187516
187546
187555
187585
187613
187614
187615
187621
187637
187649
187650
187670
187673
187680
187692
187726
187727
187728
187729
187730
187731
187783
187800
187801
187802
187822
187823
187836
187850
187851
187852
187860
187875
187876
187879
187880
187881
187882
187887
187888
187921
187922
187923
187924
187925
187926
187927
187928
187995
187996
187997
187998
187999
188047
18807
188090
188093
188094
188095
188098
188099
188100
188101
188102
188123
188124
188125
188126
188147
188148
188157
188158
188159
188160
188161
188162
188163
188164
188165
188166
188195
188288
188292
188293
188294
188295
188296
188297
188303
188307
188308
188310
188321
188322
188323
188351
188354
188355
188356
188357
188358
188359
188360
188361
188363
188364
188365
188366
188367
188368
188369
188370
188371
188372
188373
188374
18839
188398
188399
188403
188405
188407
188411
188420
188423
18843
188441
188442
188443
188444
188445
188446
188447
188456
188469
188472
188488
188491
188546
188550
188620
188621
188622
188623
188624
188635
188639
188640
188641
188643
188648
188653
188703
188704
188705
188706
188707
188708
188725
188727
188729
188735
188736
188737
188751
188752
188753
188754
18876
188787
188788
188789
188790
188791
188792
188793
188794
188795
188796
188797
188798
188799
188800
188801
188802
188803
188827
188833
188835
188836
188837
188851
188878
188880
188912
188936
188940
188959
188964
188983
188984
188996
189003
189004
189005
189006
189007
189008
189014
189015
189016
189017
189018
189040
189041
189042
189043
189044
189045
189058
189060
189075
189111
189113
189114
189115
189119
189120
189121
189122
189123
189124
189125
189131
189166
189199
189201
189202
189203
189204
189205
189206
189207
189208
189209
189210
189212
189220
189221
189222
189223
189225
189227
189237
189238
189239
189261
189300
189346
189347
189348
189349
189350
189359
189364
189368
189369
189374
189383
189384
189461
189491
189500
189520
189530
189531
189532
189772
189783
189792
189793
189794
189795
189796
189797
189799
189800
189807
189846
189847
189848
189870
189873
189887
189888
189889
189890
189891
189892
189893
189894
189897
189898
189899
189900
189901
189902
189903
189905
189906
189907
189908
189909
189910
189911
189912
189917
189918
189919
189920
189921
189922
189923
189924
189926
189927
189928
189929
189930
189931
189942
189943
189944
189945
189951
189961
189965
189967
189968
189969
189970
190000
190002
190003
190043
190044
190045
190046
190047
190048
190052
190053
190054
190055
190056
190057
190058
190061
190091
190092
190101
190103
190104
190173
190175
190176
190177
190178
190181
190196
190197
190224
190225
190327
190328
190329
190330
190331
190346
190347
190348
190385
190399
190400
190431
190432
190433
190434
190435
190468
190469
190474
190476
190478
190480
190482
190488
190489
190490
190491
190492
190493
190494
190495
190496
190497
190535
190536
190540
190590
190608
190615
190633
190634
190635
190636
190644
190668
190689
190691
190724
190726
190727
190730
190742
190743
190744
190745
190746
190747
190748
190750
190752
190753
190769
190773
190802
190808
190813
190820
190825
190826
190827
190828
190829
190830
190831
190832
190833
190834
190837
190925
190926
190927
190928
190929
190954
190986
191019
191045
191046
191047
191048
191049
191109
191110
191111
191112
191117
191118
191119
191122
191131
191132
191133
191134
191136
191140
191145
191146
191150
191151
191203
19127
19128
191284
19129
19131
19132
191322
191323
191324
191325
191326
191327
191328
191329
19133
191330
191332
191333
191334
191335
19134
191350
191351
191408
191430
191431
19144
19145
191465
191466
191467
191468
191469
191509
191510
191511
191512
191519
191530
191535
191542
191551
191556
191557
191558
191559
191561
191562
191563
191564
191565
191566
191567
191568
191569
191570
191574
191575
191576
191577
191578
191601
191604
191614
191650
191651
191652
191653
191655
191677
191694
191695
191696
191697
19173
191757
19178
191841
191842
191843
191844
191845
191846
191847
191848
191849
19193
19194
19198
191989
191990
192004
192006
192008
192011
192013
192015
192017
192019
192032
192033
192034
192035
19204
192084
192109
192154
192155
192158
192159
192160
192175
192176
192183
192207
192208
192209
192210
192211
192226
192227
192228
192229
192275
192277
192278
19229
192292
192294
192315
192316
192317
192318
192321
192322
192323
192324
192338
192339
192340
192341
192348
192349
192350
192351
192352
192353
192354
192355
192356
192357
192358
192359
192360
192361
192362
192363
192364
192365
192409
192451
192452
192471
192472
192475
192499
192501
192523
192554
192558
192560
192566
192571
192573
192575
192577
192579
192581
192588
192589
192590
192591
192592
192595
192596
192597
192630
192631
19270
192725
192729
19275
192781
192782
192783
192784
192787
192788
192789
192791
192792
192793
192794
192796
192797
192807
192808
19281
192816
19282
19284
192844
192857
192858
192883
192884
192885
192886
192887
192896
192909
192946
192955
192956
192957
192979
192980
192981
192987
192988
192989
192990
192991
193016
193030
193031
193043
193044
193046
193089
193090
193091
193092
193093
193098
193099
193100
193107
193109
193113
193114
193121
193122
193123
193124
193132
193133
193134
193150
19316
193164
193165
193166
193168
193170
193171
193172
193173
193174
193175
193176
193177
193178
193179
193193
193194
193227
193228
193329
193353
193354
193355
193356
193357
193358
193360
193362
193363
193364
193371
193391
193401
193402
193403
193404
193406
193407
193408
193409
193410
193411
193422
193432
193433
193434
193454
193473
193484
193486
193499
193500
193501
193502
193503
193504
193505
193506
193507
193508
193509
193510
193511
193512
193524
193525
193526
193527
193528
193529
19353
193530
193531
193532
193533
193534
193535
19355
19356
193560
193561
193562
193569
193619
193620
193621
193622
193623
193624
193625
193626
193633
193645
193646
193647
193668
193670
193676
193680
193681
193682
193737
193745
193746
193759
193788
193789
193792
193818
193853
193859
193861
193862
193863
193864
193865
193866
193867
193868
193891
193897
193902
193931
193950
193968
193969
193970
193993
193994
193995
193997
194051
194052
194053
194061
194064
194065
194092
194138
194139
194158
194159
194160
194161
194162
194163
194186
194189
194196
194220
194221
194222
194223
194224
194225
194240
194243
194244
194245
194248
194251
194254
194257
194260
194311
194322
194334
194335
194336
194338
194339
194342
194343
194344
194345
194374
194375
194376
194377
194378
194379
194381
194382
194383
194384
194385
194386
194387
194388
194389
194390
194403
194404
194405
194406
194417
194418
194419
194420
194421
194422
194423
194424
194430
194431
194432
194433
194434
194461
194462
194466
194482
194497
194498
194499
194500
194501
194506
194514
194515
194518
194519
194520
194594
194599
194602
194616
194617
194618
194635
194640
194641
194642
194645
194647
194648
194649
194650
194668
194702
194734
194735
194736
194737
194738
194739
194740
194741
194742
194743
194744
194745
194748
194749
194750
194751
194752
194753
194754
194755
194756
194757
194758
194759
194761
194762
194763
194764
194765
194766
194767
194768
194769
194770
194771
194772
194773
194774
194775
194785
194802
194803
194814
194815
194816
194817
194878
194925
194926
194964
194966
194967
194969
194972
194974
194975
194976
194977
194979
194980
194981
194999
195028
195045
195046
195047
195048
195064
195070
19512
195122
195123
195124
195130
195149
195150
195151
195152
195153
195154
195155
195156
195157
195158
195159
195160
195164
195165
195166
195167
195168
195169
195172
195180
195181
195182
195189
195190
195191
195192
195193
195196
195197
195204
195215
195237
195239
195241
195243
195245
195247
195249
195251
195256
195258
195259
195260
195261
195262
195263
195264
195265
195266
195267
195268
195269
195270
195271
195272
195273
19530
195344
195345
195346
195355
195394
195395
195396
195397
195398
195399
195400
195401
195404
195405
195406
195407
195408
195416
195417
195418
195435
195436
195437
195438
195450
195484
195485
195486
195500
195531
195532
195534
195535
195586
195591
195592
195593
195594
195633
195668
195745
195756
195757
195758
195759
195760
195794
195807
195821
195822
195823
195824
195825
195826
195827
195828
195829
195845
195848
195851
195854
195857
195860
195862
195864
195865
195914
195923
195954
195970
195971
195972
195975
195976
195977
195978
195987
195988
195989
195990
195991
195992
195993
195995
196053
196110
196111
196112
196113
196114
196115
196116
196117
196118
196120
196149
196176
196178
196179
196180
196181
196182
196183
196216
196218
19622
196220
196221
196222
196228
19623
196235
196236
196237
196238
196256
196260
196284
196285
196286
19632
196325
196326
196327
196328
196329
196330
196332
196333
196334
196335
19634
19635
19636
19637
196397
196398
196399
196419
196420
196425
19646
196471
196472
196473
196474
196475
196476
196494
196515
196528
196529
196530
196531
19659
19667
19678
19688
19720
19738
19739
19740
19741
19742
19743
19744
19745
19746
19756
19757
19758
19759
19766
19820
19827
19831
19848
19853
19899
19947
19965
19966
19967
19970
19975
19989
19992
19993
19998
19999
21321
21355
21356
21475
21476
21790
21884
21928
21929
21930
21931
21932
21933
21934
21936
21937
21938
21939
21940
21941
21954
22269
22436
22451
22452
22453
22454
22455
22456
22457
22459
22460
22465
22472
22819
22936
22937
22938
22955
22956
22957
22959
22968
22969
22970
22971
22972
22983
22988
22990
22991
22992
22993
22994
22995
230011
230012
230013
230014
230036
230037
230043
230044
230045
230049
230053
230101
230102
230103
230108
230110
230112
230116
230118
230120
230121
230128
230130
230132
230140
230173
230174
230175
230177
230178
230179
230180
230181
230188
230189
230190
230213
230214
230215
230216
230217
230218
230223
230224
230225
230226
230227
230244
230245
230248
230249
230250
230251
230252
230253
230254
230255
230262
230263
230264
230274
230277
230280
230284
230285
230286
230311
230313
230314
230315
230316
230327
230329
230337
230340
230341
230344
230345
230346
230347
230348
230349
230350
230351
230352
230354
230355
230357
230358
230361
230362
230363
230375
230376
230377
230378
230379
230380
230382
230384
230388
230404
230405
230407
230408
230409
230410
230411
230412
230413
230414
230415
230416
230417
230419
230420
230428
230431
230432
230436
230441
230460
230462
230463
230464
230465
230466
230505
230506
230514
230516
230535
230537
230539
230548
230549
230552
230560
230569
230580
230581
230583
230585
230586
230587
230589
230591
230592
230593
230600
230609
230631
230633
230634
230635
230636
230637
230662
230688
230690
230691
230699
230700
230701
230747
230762
230766
230778
230779
230780
230781
230782
230783
230784
230819
230927
230940
230941
230942
230943
230944
230945
230955
230973
230975
230976
23158
234557
234578
234580
234585
234586
234587
234588
234589
23459
234590
234591
234592
234593
234594
234595
234596
234597
23494
23497
235184
235186
235285
235387
235711
235712
235713
235743
235756
235757
235800
235801
235802
235803
235804
235805
235806
235807
235808
235838
235839
235840
235841
235842
235854
235855
235856
235857
235858
235859
235896
235897
235898
235899
235900
235901
235902
235903
235907
235937
235938
235939
235940
235941
235942
235988
235989
235990
236002
236003
236004
236005
236006
236007
236008
236009
236010
236011
236012
236013
236014
236032
236045
236046
236052
236056
236061
236065
236066
236067
236070
236072
236073
236083
236088
236144
236257
236258
236259
236260
236262
236263
236264
236266
236267
236268
236269
236276
236286
236296
236330
236331
236332
236333
236353
236387
236439
236562
236624
236625
236626
236627
236637
236638
236724
236758
236863
236864
236865
236866
236867
236947
236948
237001
237050
237065
237087
237110
237111
237112
237113
237114
237115
237116
237128
237139
237140
237141
237142
237143
237144
237145
237146
237147
237148
237150
237153
237162
237163
237164
237174
237175
237176
237177
237178
237191
237192
237193
237199
237200
237201
237202
237258
237259
237272
237277
237281
237282
237283
237290
237297
237318
237319
237324
237326
237343
237361
237377
237378
237379
237400
237402
237403
237404
237405
237406
237407
237408
237409
237410
237411
237461
237493
237494
237495
237519
237543
237558
237575
237576
237577
237578
237579
237582
237583
237585
237612
237674
237676
237692
237693
237694
237710
237711
237712
237713
237730
237748
237751
237752
237766
237778
237805
237808
237809
237819
237847
237848
237849
237854
237857
237858
237859
237860
237861
237862
237887
237888
237889
237909
237910
237925
237926
237927
237928
237929
237930
237944
237946
237947
237960
237961
237962
237963
237964
237965
237966
237967
237968
237969
237998
237999
238000
238001
238004
238005
238046
238112
238153
238196
238213
238214
238216
238217
238218
238219
238220
238222
238287
238303
238304
238305
238306
238319
238335
238338
238340
238367
238372
238373
238374
238382
238488
238495
238502
238544
238545
238549
238550
238551
238552
238562
238564
238605
238606
238607
238612
238638
238685
238688
238691
238723
238725
238745
238761
238772
238804
238805
238806
238817
238858
238864
238865
238872
238873
238874
238875
238876
238877
238878
238879
238880
238881
238882
238883
238884
238886
238887
238888
238889
238890
238891
238892
238893
238894
238896
238897
238898
238899
238900
238901
238902
238903
238904
238905
238906
238907
238908
238909
238913
238916
238948
238954
238976
238977
238988
238996
238999
239048
239049
239050
239051
239052
239053
239054
239055
239056
239057
239058
239059
239060
239061
239109
239118
239119
239128
239151
239152
239184
239220
239221
239222
239223
239224
239227
239231
239240
239244
239246
239281
239282
239283
239289
239290
239298
239299
239305
239359
239360
239361
239368
239396
239397
239416
239432
239438
239445
239446
239448
239449
239452
239558
239564
239579
239580
239583
239584
239593
239627
239629
239630
239635
239652
239653
239663
239664
239693
239711
239712
239716
239717
239718
239721
239725
239727
239728
239761
239781
239782
239801
239826
239830
239985
240006
240007
240012
240013
240014
240015
240021
240037
240038
240046
240092
240094
240102
240107
240128
240155
240164
240166
240188
240198
240199
240202
240245
240246
240247
240278
240328
240339
240404
240476
240477
240531
240534
240568
240573
240594
240665
240666
240668
240669
240711
240748
240749
240763
240775
240860
240903
240907
240917
240920
240929
240954
240958
241006
241008
241010
241011
241012
241114
241115
241123
241131
241154
241237
241241
241242
241330
241337
241362
241365
241371
241372
241385
241386
241387
241388
241389
241390
241391
241392
241393
241404
241405
241406
241407
241408
241409
241410
241413
241417
241423
241424
241425
241475
241476
241481
241561
241562
241563
241657
241658
241789
241790
241841
241842
241843
241844
241845
241847
241849
241850
241852
241853
241869
241870
241871
241872
241873
241940
241978
242037
242099
242110
242111
242112
242113
242122
242200
242280
24268
243319
243366
243376
243377
243379
243380
243381
243382
243383
243384
243385
243386
243387
243388
243404
243405
243406
243407
243409
243410
243411
243412
243413
243414
243415
243416
243497
243498
243499
243500
243542
243566
24358
243598
243615
243616
243642
243643
243644
243645
243646
243656
243657
243658
243659
243660
243661
243724
243725
243726
243749
243789
243791
243799
243822
243823
243838
243848
243862
243863
243864
243915
243916
243922
243923
243929
243946
243947
243948
243951
243957
243958
244010
244011
244025
244026
244027
244040
244041
244042
244046
244047
244048
244077
244108
244142
244149
244150
244162
244163
244186
244194
244196
244198
244199
244204
244206
244240
244241
244249
244279
244298
244299
244300
244302
244303
244305
24436
244521
244567
244674
244743
245000
245010
245011
245021
245022
245024
245025
245029
245030
245031
245032
245033
245034
245061
245084
245085
245090
245092
245111
245121
245138
245141
245154
245173
245174
245185
245186
245195
245196
245197
245198
245201
245257
245275
245291
245293
245294
245306
245307
245308
245326
245335
245336
245353
245355
245356
245358
245360
245362
245364
245366
245370
245494
245495
245496
245497
245498
245499
245513
245540
245541
245557
245565
245606
245608
245640
245649
245650
245655
245659
245663
245687
245688
245689
245716
245717
245732
245747
245785
245786
245792
245793
24580
245806
245807
245811
245835
245866
245867
245868
245869
245870
245935
245937
245948
246000
246011
246013
246017
246041
246042
246043
246050
246051
246054
246055
246081
246089
246092
246093
246094
246096
246097
246098
246099
246100
246101
246165
246166
246182
246183
246193
246211
246212
246213
246214
246215
246216
246217
246218
246219
246220
246221
246225
246226
246227
246234
246251
246255
246262
246266
246311
246313
246355
246357
246358
246385
246397
246400
246401
246402
246404
246408
246409
246410
246447
246448
246487
246488
246498
246499
246500
246501
246502
246503
246517
246521
246522
246527
246528
246575
246729
246731
246738
246739
246740
246741
246824
246887
246931
246957
246958
246964
246965
246966
246967
246968
246970
246971
246972
246976
246980
246981
246999
247000
247001
247002
247010
247011
247012
247013
247014
247015
247016
247017
247018
247019
247020
247021
247022
247023
247025
247026
247027
247029
247033
247047
247048
247049
247050
247051
247091
247092
247093
247170
247171
247190
247192
247193
247234
247235
247236
247237
247238
247239
247240
247241
247242
247243
247244
247247
247259
247265
247266
247267
247268
247273
247294
247295
247301
247302
247303
247327
247328
247329
247331
247332
247389
247390
247391
247392
247393
247394
247395
247396
247397
247398
247399
247407
247408
247409
247410
247411
247412
247458
247465
247499
247500
247501
247502
247505
247509
247519
247520
247521
247522
247523
247524
247525
247526
247527
247528
247530
247531
247532
247533
247538
247541
247542
247543
247544
247545
247546
247578
247579
247580
247581
247582
247583
247584
247585
247635
247638
247639
247640
247641
247642
247667
247675
247720
247721
247722
247723
247724
247786
247787
247797
247799
247827
247828
247838
247839
247866
247867
247868
247869
247870
247871
247872
247873
247874
247875
247949
247950
247951
247975
248000
248014
248015
248046
248048
248049
248050
248056
248075
248097
248114
248115
248132
248139
248148
248149
248150
248167
248169
248171
248173
248175
248177
248179
248181
248183
248185
248187
248189
248219
248230
248234
248236
248237
248255
248260
248261
248262
248272
248277
248278
248350
248353
248397
248401
248469
248473
248482
248499
248545
248546
248547
248548
248549
248550
248551
248552
248553
248554
248555
248559
248560
248561
248562
248563
248571
248574
248608
248620
248621
248622
248623
248624
248625
248626
248627
248628
248629
248632
248650
248658
248659
248660
248661
248662
248663
248664
248676
248720
248723
248733
248734
248735
248740
248790
248794
248796
248797
248798
248804
248805
248806
248807
248808
248809
248840
248882
248883
248884
248885
248887
248889
24889
248890
248891
248892
248893
248894
248920
248921
248928
248929
248945
248973
248975
249002
249003
249004
249021
249048
249049
249050
249064
249065
249066
249067
249068
249069
249071
249072
249073
249074
249075
249076
249078
249079
249080
249081
249082
249083
249085
249086
249088
249089
249090
249091
249093
249094
249095
249096
249097
249098
249100
249101
249102
249103
249104
249105
249110
249129
249140
249157
249158
249160
249169
249177
249228
249229
24927
249300
249310
249318
249320
249330
249342
249354
24936
249419
249420
249423
249424
249425
249426
24959
24961
249634
249635
249636
24964
24965
249720
249721
249722
249723
249807
249809
249810
249811
249812
249813
249814
249815
249816
249817
249818
249819
249820
249821
249822
249823
249824
249825
249826
249827
249828
249829
249830
249831
249832
249850
249880
249881
249882
249909
249910
249911
249941
249947
249988
249989
249991
249996
249997
249998
250091
250093
250114
250115
250163
250166
250182
250183
250184
250185
250210
250211
250212
250213
250246
250252
250275
250276
250277
250278
250279
250280
250281
250282
250283
250284
250303
250354
250356
250357
250367
250368
250400
250401
250486
250502
250503
250534
250535
250541
25057
25058
250600
250619
25062
250620
250621
250622
250623
250624
250625
250626
250629
25063
25064
250640
25065
250653
250654
250655
250656
250657
250658
250659
25066
25067
250710
250723
250724
250763
250764
250792
250794
250795
250796
250797
250798
250800
250801
250802
250806
250820
250832
250833
250834
250835
250836
250837
250838
250839
250840
250841
250842
250846
250863
250864
250865
250866
250867
250907
250908
250909
250910
250911
251015
251023
251024
251025
251026
251027
251034
251068
251077
251078
251135
251136
251137
251138
251139
251140
251318
251347
251383
251452
251478
251483
251488
251498
251504
251505
251506
251507
251514
251515
251516
251561
251564
251565
251566
251567
251589
251590
251597
251598
251599
251600
251601
251602
251625
251639
251651
251657
251658
251692
251716
251825
251826
251827
251842
251847
251855
251869
251886
251939
251940
251941
251942
252008
252009
252010
252011
252012
252013
252014
252015
252016
252027
252035
252043
252047
252071
252075
252083
252084
252085
252086
252087
252088
252089
252090
252126
252128
252130
252132
252134
252137
252143
252166
252186
252211
252212
252213
252219
252228
252242
252244
252247
252249
252270
252273
252274
252275
252276
252278
252322
252323
252324
252325
252326
252327
252358
252359
252360
252361
252362
252363
252372
252391
252393
252394
252421
252422
252423
252424
252425
252426
252427
252428
252465
252514
252537
252538
252563
252564
252565
252595
252605
252608
252615
252619
252623
252627
252632
252633
252634
252677
252695
252696
252697
252698
252699
252700
252791
252856
252862
252865
25291
252931
252932
252933
252934
252935
252936
252937
252938
252939
252940
252949
252950
252951
252962
252965
252989
252996
252997
252998
252999
253000
253001
253009
253010
253011
253023
253024
253029
253062
253066
253067
253098
253099
253100
253101
253102
253103
253193
253194
253195
253196
253197
253198
253208
253236
253237
253238
253239
253248
253264
253265
253266
253267
253271
253318
253319
253320
253321
253332
253356
253363
253364
253365
253366
253367
253373
253375
253376
253377
253378
253379
253385
253386
253387
253389
253390
253394
253395
253412
253418
253422
253423
253424
253478
253479
253485
253486
253487
253488
253517
253549
253565
253566
253567
253568
253586
253673
253675
253695
253696
253759
253760
253761
253762
253763
253764
253765
253766
253767
253768
253769
253770
253771
253772
253773
253774
253775
253776
253777
253778
253779
253780
253781
253782
253783
253784
253785
253786
253787
253788
253790
253791
253792
253793
253843
253844
253853
253855
253869
253877
253888
253909
253910
253911
253912
253916
253918
253919
253936
253937
253946
253947
253948
253949
253950
253951
253952
253959
253993
253998
254003
254007
254013
254018
254024
254044
254045
254046
254047
254048
254049
254050
254057
254058
254059
254060
254061
254068
254069
254071
254072
254166
254177
254179
254181
254188
254201
254212
254213
254214
254215
254244
254261
254284
254293
254294
254295
254296
254297
254301
254302
254308
254393
254407
25442
25445
254451
254472
25457
254635
254636
254925
255446
255447
255459
255576
255577
255578
255579
255640
255641
255643
255718
255719
255804
255805
255806
255807
255825
255842
255849
255853
255854
256037
256219
256222
256319
256603
256677
257040
257041
257042
257043
257044
257048
257116
257122
257146
257155
257156
257157
257158
257159
257160
257161
257163
257164
257165
257166
257167
257173
257174
257175
257178
257182
257214
257217
257218
257219
257220
257221
257222
257234
257256
257264
257285
257309
257310
257311
257312
257313
257315
257316
257329
257330
257331
257332
257333
257375
257376
257377
257378
257379
257380
257381
257382
257383
257384
257385
257386
257387
257388
257389
257390
257391
257392
257393
257394
257395
257396
257397
257398
257399
257405
257406
257407
257408
257441
257464
257465
257466
257467
257468
257469
257470
257485
257486
257487
257488
257489
257490
257493
257504
257525
257526
257527
257528
257529
257530
257531
257550
257579
257630
257631
257634
257635
257636
257687
257688
257689
257702
257709
257713
257724
257727
257728
257730
257743
257744
257745
257746
257764
257765
257766
257767
257768
257769
257770
257797
257829
257830
257838
257839
257840
257861
257862
257866
257867
257871
257872
257873
257874
257875
257876
257877
257882
257884
257904
257905
257931
257932
257933
257934
257945
258024
258057
258060
258061
258062
258064
258065
258101
258102
258103
258109
258110
258111
258112
258113
258115
258146
258173
258174
258175
258176
258177
258187
258212
258218
258224
258230
258236
258242
258256
258258
258259
258271
258272
258273
258274
258275
258299
258366
258368
258370
258376
258378
258450
258459
258466
258467
258468
258469
258470
258475
258476
258477
258478
258503
258504
258515
258516
258517
258518
258519
258529
258534
258546
258547
258548
258549
258550
258551
258552
258553
258554
258555
258556
258557
25856
258564
258565
258566
258567
258568
25857
25858
25859
258590
258596
258597
258598
25860
258610
258613
258614
258615
258619
258631
258632
258633
258656
258681
258690
258691
258692
258709
258710
258711
258712
258713
258718
258719
258720
258721
258722
258723
258731
258735
258736
258737
258738
258739
258740
258741
258748
258751
258764
258771
258772
258773
258774
258775
258808
258809
258838
258840
258842
258843
258848
258849
258852
258853
258895
258901
258902
258903
258904
258905
258908
258909
258910
258911
258912
258921
258922
258935
258936
258937
258938
258939
25895
258951
258952
258990
259001
259002
259003
259004
259005
259006
259018
259023
259032
259033
259035
259049
259068
259070
259071
259072
259073
259074
259075
259076
259108
259115
259116
259117
259118
259119
259139
259141
259159
259160
259161
259165
259166
259167
259168
259169
259186
259190
259201
259203
259206
259209
259211
259238
259241
259242
259249
259250
259260
259270
259283
259297
259320
259340
259341
259342
259343
259344
259345
259346
259347
259348
259349
259350
259351
259352
259353
259354
259355
259363
259364
259381
259383
259385
259392
259401
259408
259410
259413
259424
259436
259437
259606
259607
259608
259622
259623
259624
259663
259665
259666
259667
259695
259700
259702
259704
259706
259708
259709
259710
259734
259735
259736
259737
259742
259743
259744
259745
259748
259749
259750
259751
259762
259763
259764
259765
259766
259767
259768
259769
259770
259771
259772
259773
259774
259775
259783
259786
259787
259788
259789
259798
259799
25980
259800
259801
259805
259806
25981
25982
259820
259824
259860
259887
259888
259906
259907
259912
259947
259951
259956
259957
259969
259976
260004
260022
260025
260026
260027
260051
260070
260100
260101
260132
260133
260134
260135
260136
260147
260150
260182
260195
260198
260239
260240
260241
260242
260243
260244
260245
260262
260269
260282
260310
260311
260339
260340
260341
260361
260389
260390
260397
260427
260472
260474
260486
260487
260488
260489
260490
260492
260493
260494
260496
260498
260500
260501
260503
260504
260505
260506
260507
260508
260509
260510
260511
260514
260515
260516
260517
260518
260519
260520
260521
260522
260523
260524
260525
260526
260527
260528
260529
260530
260531
260532
260533
260535
260565
260606
260608
260631
260632
260633
260649
260686
260687
260688
260689
260690
260695
260700
260721
260768
260769
260770
260771
260772
260775
260776
260777
260778
260779
260801
260859
260860
260864
260865
260866
260867
260871
260912
260920
260921
260922
260923
260924
260925
260926
260927
260928
260947
260984
260999
261012
261019
261020
261021
261022
261034
261043
261044
261057
261098
26112
26113
261133
261134
261136
261139
261174
261218
261220
261221
261222
261223
261235
261237
261251
261274
261319
261357
261400
261401
261416
261417
261493
261494
261495
261496
261497
261533
261547
261548
261550
261551
261552
261558
261559
261560
261564
261565
261566
261567
261568
261569
261570
261571
261572
261573
261574
261575
261576
261577
261578
261604
261605
261606
261607
261621
261622
261623
261624
261643
261644
261682
261683
261684
261685
261686
261687
261688
261689
261704
261706
261707
261708
261709
261710
261711
261712
261716
261718
261719
261720
261721
261762
261764
261766
261769
261771
261778
261810
261841
261846
261855
261856
261857
261858
261859
261860
261861
261862
261863
261864
261865
261867
261870
261897
261901
261926
261935
261936
261942
261943
261945
261953
261960
261964
262016
262017
262045
262050
262058
262060
262078
262081
262082
262085
262091
262092
262094
262095
262098
262117
262118
262134
262174
262190
262191
262195
262196
262197
262228
262229
262244
262261
262262
262284
262285
262325
262348
262351
262365
262366
262367
262410
262419
262426
262427
262446
262460
262499
262500
262501
262553
262554
262587
262589
262592
262596
262601
262602
262621
262624
262625
262653
262654
262655
262656
262657
262658
262659
262660
262661
262662
262663
262664
262665
262666
262667
262670
262671
262672
262678
262679
262680
262715
262732
262756
262764
262765
262766
262788
262837
262840
262841
262846
262847
262848
262933
262935
262936
262941
26296
262973
262990
262996
262997
262998
262999
263021
263022
263031
263032
263033
263034
263035
26306
263062
263084
263090
263091
263092
263093
263094
263095
263096
263097
263099
263100
263101
263102
263103
263104
263105
263106
263107
263108
263121
26314
26316
263521
263768
263778
264138
264139
264189
264190
264191
264192
264215
264458
264460
264461
264477
264478
264486
264503
264522
264523
264526
264533
264699
264710
264711
264712
264720
264721
264722
264723
264729
264759
264760
265024
265063
265179
265592
266257
266258
266259
266272
266644
266645
266646
266647
266688
266726
266878
266973
267194
267195
267196
267197
267198
267199
267200
267201
267202
267203
267270
267271
267272
267273
267274
267275
267276
267277
267278
267402
267403
267741
267962
268018
26932
27026
27141
27175
27176
27177
27605
27606
279575
279579
279580
279594
280190
280301
280304
280320
280322
280370
280374
280390
280398
280400
280417
280418
280419
280513
280547
280549
280551
280553
280554
280609
280622
280725
280735
280736
280737
280760
280768
280793
280825
280833
280849
280879
280946
280996
280997
280998
280999
281066
281081
281082
281083
281088
281315
281375
281412
281413
281455
281456
281497
281498
281499
281500
281501
281563
281674
281675
281679
281680
281735
281746
281750
281751
281752
281753
281754
281757
281758
281759
28414
28431
289986
289991
289994
290003
290004
290005
290006
290007
290014
290027
290029
290032
290038
290039
290040
290041
290042
290043
290116
290117
290118
290119
290120
290121
290122
290123
290124
290125
290126
290127
290128
290129
290130
290131
290132
290179
290260
290280
290281
290283
290285
290287
290318
290324
290327
290363
290364
290367
290376
290377
290378
290379
290383
290387
290421
290455
290456
290457
290458
290462
290477
290603
290622
290624
290625
290626
290627
290628
290629
290630
290631
290632
290706
290722
290727
290746
290747
290748
290749
290750
290751
290755
290808
290809
290810
290811
290812
290829
290845
290860
290872
290882
290884
290886
290894
290895
290896
290908
290913
290939
290944
290953
290958
290978
290981
290982
290983
290984
290985
290986
290987
290988
290989
290990
290991
290992
290993
290994
290999
291026
291028
291029
291030
291080
291102
291103
291104
291105
291106
291107
291108
291109
291110
291111
291112
291113
291114
291116
291126
291127
291132
291136
291139
291140
291141
291142
291143
291144
291146
291149
291150
291151
291160
291161
291162
291192
291222
291252
291254
291256
291258
291260
291262
291264
291266
291268
291270
291280
291281
291282
291283
291284
291285
291286
291287
291288
291300
291301
291311
291312
291313
291314
291324
291325
291326
291327
291353
291431
291432
291433
291458
291459
291460
291470
291483
291510
291520
291545
291561
291562
291563
291573
291574
291575
291576
291577
291590
291591
291593
291602
291613
291614
291630
291631
291632
291633
291634
291635
291636
291637
291638
291639
29475
29477
29586
29587
29588
29618
29664
29665
29666
29667
29668
29671
29672
29673
29674
29681
29683
29685
29687
29689
29691
29699
29700
29701
29708
29709
29710
29712
29741
29746
29758
29762
29766
29767
29768
29770
29771
29772
29811
29812
29813
29877
29880
29881
29892
29893
29894
29900
29901
29902
29903
29904
29905
29906
29907
29908
29909
29910
29911
29912
29913
29914
29915
29916
29917
29918
29919
29920
29936
2994
2997
29987
30141
30301
30302
30303
30304
3056
30963
31019
31040
31404
31407
31409
31411
31416
31417
31429
31438
31452
31467
31478
31501
31510
31511
31598
31670
31760
31777
31794
31802
31803
31804
31805
31806
31807
31927
31931
31940
32008
32035
32161
32193
32212
32221
32223
32230
32231
32232
32233
32234
32236
32237
32266
32267
32268
32269
32270
32271
32272
32273
32274
32275
32276
32278
32298
32315
32324
32336
32337
32338
32340
32354
32364
32369
32371
32374
32380
32381
32496
32497
32498
32499
32563
32564
32565
32566
32599
32603
32604
32605
32610
32611
32612
32613
32671
32700
32745
32828
32833
32834
32835
32836
32838
32840
32846
32851
32873
32874
3302
33032
33033
33034
33035
33165
33168
33169
33170
33171
33175
33176
33177
33178
33182
33183
33184
33185
33186
33188
33221
33229
33230
33231
33232
33244
33296
33297
33304
33305
33313
33323
33324
33325
33337
33353
33354
33355
33356
33358
33362
33363
33364
33365
33366
33388
33400
33401
33402
33403
33404
33414
33422
33424
33426
33428
33436
33442
33443
33444
33453
33467
33468
33469
33470
33476
33477
33478
33669
33686
33687
33688
33694
33695
33962
33999
34001
34002
34059
34084
34086
34120
34127
34129
34131
34132
34137
34140
34142
34144
34148
34150
34152
34154
34155
34166
34167
34170
34175
34182
34188
34197
34198
34266
34294
34328
34376
34378
34389
34411
34442
34499
34754
34761
34767
34773
34775
34777
34797
34799
34822
34825
34836
34841
34883
34885
34895
34898
34900
34948
34964
34980
34981
34984
34988
34992
35020
35021
35022
35025
35026
35027
35031
35032
35078
35135
35159
35160
35528
35531
35532
35541
35542
35543
35546
35601
35609
35610
35611
35808
35821
35822
35823
35843
35848
35849
35850
35853
35856
35872
35874
35905
35912
35913
35914
35915
35916
35917
35926
35927
35928
35929
35930
35938
35952
36193
36313
36354
36357
36358
36636
36662
36665
36666
36667
36678
36679
36680
36681
36682
36691
36694
36695
36696
36697
36700
36710
36711
36712
36713
36714
36715
36719
36729
36740
36741
36743
36744
36745
36748
36770
36771
36772
36773
36774
36775
36915
36925
36927
36929
36935
36936
36937
36940
36942
36943
36944
36950
36970
36993
37125
37289
37290
37291
37388
37461
37462
37463
37471
37472
37473
37474
37475
37476
37477
37478
37481
37482
37483
37484
37485
37488
37489
37490
37491
37492
37493
37500
37506
37507
37508
37509
37510
37512
37514
37526
37529
37530
37531
37541
37542
37543
37544
37546
37570
37571
37576
37579
37580
37581
37582
37584
37585
37586
37602
37603
37604
37624
37625
37626
37627
37650
37651
37652
37653
37654
37655
37656
37657
37658
37659
37660
37661
37662
37687
37689
37690
37691
37692
37693
37694
37697
37698
37699
37709
37721
37724
37820
37821
37822
37823
380226
380227
380228
380295
380344
380356
380383
380384
380386
380388
380389
380390
380482
380483
380509
380510
38095
38123
38155
38156
38159
38160
38190
38201
38202
38203
38214
38216
38227
38611
38625
38628
38638
38716
38731
38732
38733
38738
38748
38749
38750
38751
38753
38754
38755
38758
38760
38761
38762
38763
38764
38771
38772
38824
38825
38826
38827
38829
38830
38831
38832
38837
38841
38847
38850
38851
38852
38853
38854
38855
38856
38857
38858
38859
38860
38861
38862
38869
38872
38873
38874
38875
38876
38942
38958
38959
38960
38961
38962
38963
38964
38965
38966
38979
38981
38982
38985
38990
38999
39007
39016
39018
39022
39023
39031
39032
39033
39034
39036
39037
39059
39060
39061
39062
39065
39066
3909
391088
391089
391131
391133
391172
391173
391174
391177
391181
391183
391184
391185
391186
391187
391189
391280
391346
391424
391425
391475
39156
39191
39192
39198
403298
403366
403414
403509
403510
403511
403512
403513
40805
408970
409465
409467
409469
409480
409511
409530
409537
409539
409551
409561
409566
409578
409596
409604
409605
409614
409615
409616
409623
409630
409647
409655
409698
409710
409715
409716
409735
409743
409758
409796
409808
409832
409833
409837
409840
409846
409848
409849
409850
409852
409853
409854
409856
409865
409872
409903
409912
409928
409929
409930
409932
409936
409959
409960
409993
409994
41028
41073
410770
410778
410814
410838
410925
410992
410999
411000
411022
411023
411024
411025
411062
411063
411065
411204
411218
411238
411239
411240
411276
411280
411307
411326
411415
411442
411448
411462
411476
411481
411483
411505
411541
411553
411554
411557
411756
411758
411795
411800
411801
411803
411804
411820
411859
411860
411861
411862
411863
411923
411925
411975
411976
412003
412042
412043
412044
412045
412046
412047
412048
412144
412159
412238
412257
412258
412294
412375
412376
412390
412493
412494
412495
412496
412508
412561
412639
412667
412776
412777
412778
412779
412780
412838
412839
412840
412841
412842
412998
413034
413086
413105
413109
413127
413129
413174
413184
413185
413193
413207
413224
413251
413255
413257
413297
413298
413339
413388
413389
413390
413391
413491
413492
413493
413495
413496
413497
413498
413499
413500
413501
413503
413528
413529
413530
413539
413696
413697
413698
413699
413700
413731
413732
413734
413809
413823
413824
413825
413854
413926
413983
413984
413988
414081
414174
414179
414244
414259
414264
414342
414343
414354
414355
414356
414357
414358
414359
414360
414361
414363
414364
414365
414371
414536
414557
414558
414559
414602
414644
415027
415028
415029
415030
415050
415051
415064
415195
415196
415197
415198
415223
415224
415225
415226
415227
415228
415245
415246
415247
415248
415249
415293
415294
415303
415337
415342
415486
415487
415488
415498
415518
415563
415565
415566
415567
415568
415596
415602
415603
415604
415605
415606
415695
415696
415707
415714
415716
415735
415789
415803
415804
415825
415827
415882
415883
415884
415885
415886
415887
415888
415889
415890
415944
415950
415957
415997
416123
416124
416132
416157
416174
416203
416204
416260
416275
416276
416321
416357
416358
416405
416406
416420
416443
416461
416463
416528
416531
416586
416601
416605
416631
416655
416679
416709
416710
416711
416712
416713
416714
416715
416741
416742
416743
416744
416745
416746
416813
416814
416815
416868
416885
416886
41690
416908
416909
416910
416911
416912
416913
416914
416915
416916
416917
416918
416919
416920
416921
416922
416923
416924
416925
416926
41694
416963
416985
416986
416987
416988
416989
416990
416991
416992
416993
416994
416995
416996
416997
416998
417037
417038
417039
417040
417043
417044
417045
417046
417047
417048
417049
417101
41719
417215
41725
417251
417324
417372
417380
417381
417382
417384
417412
417424
417425
417426
41743
417452
417453
417454
417455
417456
417471
417499
417501
417502
417514
417515
417516
417517
417518
417519
417539
417540
417676
417677
417678
417679
417680
417682
417684
417685
417686
417687
417690
417691
417692
417693
417694
417695
417696
417697
417698
417699
417700
417701
417702
417703
417704
417738
417739
417777
417781
41782
417829
417905
417939
417940
417941
417951
417953
417962
418007
418008
418013
418014
418015
418016
418045
418090
418095
418096
418130
418164
418176
418177
418183
418185
418207
418208
418210
418257
418258
418265
418266
418267
418268
418269
418270
418271
418272
418413
418436
418455
418456
418457
418488
418490
418499
418500
418501
418502
418532
418545
418567
418600
418601
418645
418657
418658
418659
418685
418686
418687
418688
418689
418690
418691
418693
418699
418726
418735
418736
418737
418738
418743
418744
418745
418746
418765
418766
418849
418850
418861
418862
418908
418947
418967
418993
418994
419048
419065
419066
419067
419068
419069
419070
419162
419208
419209
419210
419211
419212
419213
419226
419227
419228
419334
419421
419439
419440
419441
419453
419454
419479
419492
419525
419526
419527
419528
419529
419610
419611
419612
419613
419625
419626
419631
419664
419734
419736
419739
419740
419741
419747
419753
419774
419782
419796
419797
419798
419799
419800
419801
419802
419803
419804
419805
419806
419807
419839
420031
420113
420114
420131
420132
420139
420154
420183
420192
420193
420224
420226
420370
420371
420420
420421
420444
420475
420476
420477
420480
420481
420509
420672
420706
420818
420823
420824
42083
420846
420847
420934
420935
42101
421011
42102
42103
421066
421109
42113
421130
421131
421178
421179
421193
421209
421210
421217
421246
421270
421271
421272
421273
421274
421277
421278
421279
42128
421283
421284
421285
421286
421287
421288
421289
421290
421291
421373
421376
421470
421476
421477
421478
421479
421480
421482
421483
421484
421488
421545
421548
42155
421552
421555
421563
421620
421628
421644
421645
421716
421817
421818
421819
421820
421821
421822
421823
421824
421825
421826
421842
421880
421891
421902
421903
421917
421918
421931
421950
421959
421960
42197
421988
422011
42202
422044
42208
422083
422137
422234
422264
422288
422340
422341
422343
42237
422380
422394
422395
422396
422397
422427
422433
422476
422523
422524
422533
422540
422547
422548
422549
422572
422573
422574
422587
42261
422618
422652
422653
422654
42266
422690
422691
422712
422718
422719
422744
422752
422794
422795
422796
422797
422798
422804
422849
422858
422859
422884
423107
423113
423131
423136
423147
423177
42322
423252
423254
423255
423267
423306
423409
423410
423422
423423
423424
423425
423426
423441
423442
423443
423444
423519
42356
423582
42360
423608
42361
423636
423637
423638
423639
42364
423640
423646
423653
423660
423736
423772
423773
423854
423855
423919
423920
423939
423940
423941
424011
424151
424154
424155
424184
424342
424343
424496
424582
424583
424636
424715
424717
424822
424860
424861
424862
424863
424887
424888
424889
424900
424920
424921
425066
425109
425122
425123
425125
425202
425260
425440
425441
425442
425443
425444
425458
425545
425546
425581
425657
425659
425660
425661
425681
425682
425694
425725
425726
425767
425779
425841
425842
425843
425844
425845
425857
425873
425945
425958
426029
426030
426031
426094
426095
426096
426097
426098
426112
426125
426167
426168
426169
426308
426316
426338
426340
426370
426371
426372
426373
426374
426375
426376
426380
426381
426382
426383
426404
426405
426406
426407
426509
426543
426550
426551
426552
426554
426588
426703
426726
426729
426730
426731
426758
426759
426760
426761
426858
426859
426860
426861
426862
426863
426865
426866
426867
426868
426869
426870
426871
427042
427047
427049
427050
427051
427095
427107
427115
427140
427174
42718
427181
427182
427183
427184
42719
427197
427232
427233
427234
427235
42725
42734
42736
42738
427388
427389
427393
42741
427458
42755
427560
427579
427596
427597
427635
427639
42764
42765
42766
42767
427670
427684
427685
427686
427745
427784
427870
427928
427957
427985
427991
428028
428059
428060
428095
428096
428097
428098
428177
428427
428429
428512
428519
428532
428533
428540
428541
428699
428738
428744
428745
428778
428908
428956
429033
429034
429169
429178
429179
429181
429182
429189
429190
429191
429192
429205
429207
429208
429224
429306
429307
429308
429309
429310
429311
429312
429313
429314
429397
429404
429405
429406
429407
429416
429472
429495
429497
429501
429512
429519
429520
429631
42964
42970
42971
42972
429725
429726
42973
429734
42975
429761
429811
429812
42983
429875
429876
429877
429878
429879
429880
429907
429966
429967
42999
43008
430132
430133
430187
430246
430247
43036
430364
430438
430466
430556
430564
430565
430566
430571
430574
430575
430576
430593
430602
430603
430604
430616
430630
430681
430695
430696
430697
430698
430699
430751
43081
43082
430821
43083
43084
430926
430927
430928
430929
43095
430970
430971
430972
430973
430974
430975
430976
430977
430978
430979
431008
431021
431022
431027
431028
431038
431052
43115
43116
43117
43118
431186
43119
43120
431352
431353
431354
431355
431356
431357
431358
431382
431388
431389
431390
431391
431392
431393
431463
431464
431512
431555
431580
431581
431617
431822
431823
431916
431957
431964
431965
431966
431967
431968
431969
431970
431971
431972
432040
432041
432042
432112
432113
432114
432121
432122
432198
432199
432200
432201
432202
432203
432204
432205
432206
432207
432208
432209
432214
432215
432249
432250
432252
432256
432257
432258
432333
432353
432380
432434
432537
432538
432553
432569
432611
432615
432680
432904
432905
432906
432947
432978
433077
433078
433079
433080
433086
433119
433121
433122
433136
433182
433183
433216
433217
433221
433232
433235
433238
433241
433244
433247
433267
433268
433277
433278
433307
433308
433311
433312
433313
433336
433337
433338
433370
433371
433384
433456
433457
433517
433594
433625
433626
433627
433628
433818
433907
434079
434088
434089
434090
434091
434092
434093
434188
434329
434419
434436
434437
434438
434439
434449
434514
434617
434620
434621
434658
434696
434767
43832
43858
44284
44380
44389
44412
44429
44434
44441
44443
44461
44462
44470
44472
44474
45040
45041
45042
45043
45044
45045
45046
45051
45052
45053
45054
45248
45260
45261
45262
45263
45264
45265
45266
45267
45268
45269
45277
4536
45554
45555
45561
45562
45571
45587
45589
45591
45622
45632
45665
45676
45703
45725
45734
45739
45740
45741
45742
45743
45745
45746
45747
45770
45923
45945
45946
45947
45982
45983
45986
46103
46104
46105
46110
46126
46127
46128
46135
46136
46162
46285
46286
46310
46312
46314
46331
4639
4640
4658
4659
4660
4661
4662
4663
4669
4679
46796
4680
46819
4682
46828
46830
46841
46849
46850
46851
46852
46853
4691
46978
46988
46989
47273
47288
47293
47411
47419
47428
47445
47486
47487
47488
47489
47490
47508
47537
47538
47539
47540
47541
47542
47543
47587
47588
47589
47590
47591
47592
47593
47614
47617
47622
47625
47650
47776
47786
47813
47820
47821
47822
47856
47921
47944
4796
4816
4817
48170
48173
48174
48231
48238
48242
48266
48331
48332
48333
48334
48339
48347
48348
4835
48358
48359
48361
48362
48382
4849
48559
48560
48561
48576
48621
48622
48698
48701
48704
48756
48784
48785
48787
48875
48876
48878
48879
48880
48881
48882
48883
48897
48898
48899
48900
48901
48902
48957
49090
49093
49124
49147
49253
49497
49498
49597
49598
49599
49604
49830
49832
49846
49847
49856
49857
49858
49859
49860
49861
49874
499448
50225
5119
51252
51264
51289
51301
51340
51342
51343
51344
51389
51390
51391
51396
51397
51402
51403
51404
51418
51419
51425
51426
51427
51428
51441
51446
51461
51469
51470
51471
51487
51488
51496
51497
5152
51586
51587
51596
51598
51600
51607
51614
51620
51621
51666
51667
51681
51685
51690
51692
51693
51694
51710
51725
51731
51732
51733
51734
51735
51736
51737
51738
51785
51790
51791
51805
51806
51807
51808
51809
51810
51811
51812
51813
51814
51815
51816
51817
51818
51819
51820
51821
51880
51893
51895
51909
51910
51911
51915
5204
52070
52072
52076
52077
52085
52087
5209
52122
5213
52137
5229
5250
5251
5252
5253
5260
5261
5269
5270
5288
5297
5299
5304
5305
5306
5321
5324
5333
5338
54178
54179
54180
54181
54182
54214
54222
54223
54224
54226
54227
54228
54229
54230
54231
54232
54233
54234
54235
54552
54574
54594
54595
54596
54597
54599
54605
54614
54664
54681
54704
54706
54707
54725
54741
54777
54793
54810
54855
54868
54877
54878
5488
54917
54918
55033
55069
55070
55115
5515
5517
5519
5521
55223
55224
55225
55226
55227
55228
55229
5524
5525
5526
5527
5528
5529
55294
5530
5531
55319
5533
5535
5536
5537
5538
5539
5540
5541
5542
5543
5544
55442
55456
5546
5547
55475
55476
55477
55478
55479
5548
55480
55481
55482
55483
55484
55485
5549
5550
5551
5552
5553
5554
5555
5556
5557
5558
5559
5560
5562
5563
55649
5565
5566
55660
55662
55663
55664
5567
5569
55693
55695
55699
55707
55713
55714
55725
55726
55727
55728
55729
5573
55730
55731
55732
55734
55736
55737
55738
55739
5574
55740
55741
55742
55743
55749
5576
5577
5578
5580
55831
5584
5585
5586
55871
55872
5588
5590
5594
55949
55950
55951
5598
5602
5610
56138
5614
5615
5616
5617
56170
5618
5619
56199
5620
56231
56233
56244
5632
5644
5645
5646
5647
5648
5649
5650
5651
5652
5670
5671
5672
57017
57060
57127
57271
5746
5747
5748
5749
57739
57740
57768
57780
57782
57895
57988
58460
58463
58470
58521
58913
58914
58917
58924
58933
59197
59212
59214
59215
5934
59581
5961
59614
5962
5963
5964
5965
59655
5966
5967
5968
59696
5970
5973
5974
59743
59749
59753
59761
59762
59763
59764
59765
59767
59768
59769
59770
59808
5982
59831
59881
59891
59894
59907
59920
59926
59928
59930
6003
6006
6017
6020
6025
6028
6030
6040
6045
60458
6048
6049
6050
6060
6065
6072
6074
61080
62626
62633
62634
62705
62817
6317
6319
63349
63870
63888
63889
63890
63891
63892
63893
63894
63895
63896
63897
63900
63901
63902
63903
63904
63916
63917
63918
63919
63920
63921
63922
63923
63924
63938
64065
64066
64067
64068
64069
64070
64071
64073
64075
64077
64079
64080
64132
64142
64144
64145
64146
64147
64148
64149
64150
64151
64167
64168
64203
64208
64209
64210
64211
64212
64213
64214
64215
64216
64217
64218
64219
64290
64408
64415
64416
64443
64444
64445
64446
64447
64590
6521
6639
66716
66907
66908
66931
66935
699
70076
70077
70079
70081
70082
70083
70087
70089
70090
70092
70133
70168
70169
70170
70196
70214
70215
70216
70217
70218
70219
70230
70231
70232
70238
70240
70251
70254
70256
70258
70259
70260
70301
70342
70345
70346
70347
70348
70349
70350
70351
70521
70525
70531
70534
70535
70536
70537
70538
70539
70592
70620
70621
70622
70653
70658
70659
70660
70661
70762
70793
70794
70797
70798
70799
70800
70801
70807
70813
70814
70887
70888
70900
70901
70902
70910
70911
70913
70936
710030
710036
710060
710062
710067
710091
713
7218
7220
7221
73670
73671
73674
73675
73677
73678
73679
73680
73682
73683
73708
73717
7391
7392
7393
7394
7395
7396
74587
759364
759423
759444
759445
759449
759450
759451
759452
759458
759459
759461
759462
759637
759639
759643
759649
759651
759688
759689
759690
759691
759797
759798
759799
759800
760018
760019
760259
760317
760463
760464
760465
760466
760467
76103
76104
76685
76687
76690
76691
76692
76697
76701
76704
76705
76706
76707
77259
7768
7776
7787
7788
7789
77890
7811
7829
7833
7839
7843
7844
7845
7846
793
7940
7941
798
80951
81242
81437
81716
81950
8296
8297
8336
83730
8377
8378
8379
8380
8383
8384
8385
8399
8405
84124
8418
84183
84188
84194
84218
84219
8422
84223
84228
84229
84230
84231
84239
84425
84440
8493
85009
85010
85028
85030
85031
85035
85036
85037
85038
85048
85056
85062
85064
85066
85070
85072
8521
8522
8523
85230
85236
85237
85245
8536
8537
85407
85453
8573
85951
85986
86005
86019
8610
8620
8621
8622
8623
8624
8625
8626
8632
8639
86501
8655
8667
8668
8669
867
8673
8675
8677
8678
8692
8694
8696
8700
8726
8727
8749
8750
8751
8752
8753
8754
8755
8782
8819
8820
8821
8822
883
8838
884
8847
8849
885
8851
8880
8881
8897
8900
89294
894
89726
89840
89841
89844
89905
89906
89907
89932
89933
89934
89935
89936
89938
89939
89940
89941
89942
89943
89944
89945
89946
89947
89948
89964
89977
90002
90005
90006
90007
90018
90019
90040
90050
90055
90064
90131
90132
90134
90171
90199
90200
90297
90317
90318
90319
90320
90321
90322
90323
90324
90325
90326
90372
90384
90397
90425
90426
90427
90436
90437
90438
90439
90446
90447
90448
90449
90483
90484
90487
90506
90510
90512
90518
90521
90607
90615
90617
90618
90637
90647
90648
90649
90650
90651
90662
90663
90664
90665
90666
90667
90668
90669
90672
90702
90703
90710
90711
90713
90714
90715
90716
90717
90718
90719
90720
90721
90722
90723
90724
90727
90728
90841
90894
90987
90988
9103
91037
91049
91053
91076
91077
91078
91079
91080
91081
91082
91084
91085
91086
91103
91130
91168
91169
91170
91171
9118
91224
91225
91226
91239
91240
91241
91253
91254
91261
91278
91285
91286
91287
91293
91294
91337
91339
9143
9145
91465
91468
91471
91484
9150
91518
91519
91528
91530
91531
91549
91572
91675
91676
91689
91690
91691
91692
91702
91703
91704
91705
91706
91708
9172
9173
9174
91745
9175
9176
91763
9177
9178
91783
91784
91785
91803
91819
91820
91821
91822
91823
91837
91838
91839
91875
91876
91877
91898
91900
91901
91946
92034
92042
92102
92195
92196
92197
92211
92212
92213
92214
92215
92216
92220
92222
92223
92224
92226
92227
92249
92299
92300
92301
92334
92387
92390
92391
92392
92393
92394
92396
92397
92444
92478
92501
92536
92538
92543
92547
92548
92553
92577
92612
92768
92770
92793
92794
92795
92910
92913
92920
92921
92922
92963
92973
92974
92986
93026
93047
93112
93113
93116
93207
93214
93252
93253
93254
93255
93256
93258
93260
93261
93347
93348
93363
93364
93382
93383
93391
93392
93393
93396
93398
93399
93400
93401
93402
93421
93428
93439
93448
93475
93476
93489
93490
93491
93500
93502
93535
93547
93558
93586
93587
93588
93626
93628
93630
93632
93636
93687
93690
93725
93726
93727
93742
93743
93747
93762
93771
93772
93773
93803
93813
93814
93815
93816
93817
93818
93819
93820
93821
93822
93823
93824
93825
93826
93827
93844
93856
93871
93872
93882
93883
93886
93898
93899
93900
93901
93902
93903
93904
93906
93907
93908
93938
93959
93961
93964
93973
93983
93985
93986
93987
93989
94011
94088
94282
94307
94314
94341
94342
94343
94344
94345
94378
9438
94390
94391
94392
94393
94420
94421
94422
94424
9443
94454
94455
94456
94457
94504
94512
94518
94519
94520
94546
94757
94759
94760
94779
94780
94781
94783
94839
94870
94871
94872
94873
94874
94889
94890
94891
94898
94899
94900
94901
94902
94903
94906
94922
94924
94926
94951
94952
94953
94954
94958
94959
94960
94961
94963
94964
94992
94993
94995
94997
94998
94999
95035
95036
95052
95068
95072
95127
95128
95129
9513
95130
95234
95296
95297
95301
95314
95315
95316
95317
95318
95319
95320
95321
95322
95323
95378
95379
95395
95398
95401
95402
95403
95413
95417
95430
95450
95459
95478
95494
95496
95528
95559
95561
95563
95594
95602
95603
95608
95609
95615
95616
95623
95639
95654
95687
95697
95788
95804
95806
95817
95820
95830
95876
95877
95899
95900
95913
95914
95915
95916
95917
95930
95956
95996
95997
95999
96000
96001
96002
96059
96061
96062
96103
96108
96111
96125
96137
96140
96141
96145
96162
96163
96164
96165
96166
96167
96168
96169
96170
96171
96172
96173
96174
96181
96185
96190
96191
96192
96193
96194
96195
96233
96234
96235
96295
96315
96316
96318
96319
96456
96495
96496
96497
96498
96501
96521
96522
96526
96527
96530
96558
96561
96568
96569
96571
96573
96574
96687
96730
96735
96744
96745
96746
96765
96771
96772
96773
96931
96933
96936
96937
96939
96943
96944
96945
96954
96955
96956
96957
96958
96969
96973
96974
96976
96981
96993
97012
97013
97014
97015
97028
97056
97068
97069
97070
97071
97072
97073
97077
97087
97088
97095
97096
97097
97206
97336
97337
97386
97388
97403
97410
97435
97436
97437
97438
97439
97458
97472
97476
97477
97478
97479
97480
97501
97502
97503
97504
97505
97514
97533
97551
97552
97553
97554
97589
97590
97613
97620
97633
97674
97676
97714
97717
97743
97776
97777
97778
97779
97781
97782
97822
97824
97898
97904
97905
97906
97907
97908
97921
97927
97936
97937
97938
97939
97940
97941
97942
97943
97944
97970
97992
97997
97998
98022
98023
98024
98025
98026
98027
98039
98095
98096
98097
98098
98099
98140
98162
98165
98170
98183
98188
98214
98216
98217
98218
98219
98220
98221
98273
98277
98284
98285
98286
98287
98288
98289
98359
98360
98366
98402
98428
98429
98431
98460
98462
98467
98469
98470
98472
98473
98474
98475
98494
98495
98496
98497
98498
98499
98500
98501
98502
98503
98504
98505
98506
98507
98508
98547
98569
98599
98616
98617
98618
98664
98669
98739
98782
98783
98795
98796
98797
98798
98878
98879
98880
98881
98882
98883
98884
98885
98886
98887
98888
98890
98891
98892
98893
98894
98895
98896
98897
98898
98911
98934
98935
98936
98947
98948
98949
98950
98951
98952
98953
98954
98960
98961
98962
98963
98965
98975
98976
98977
98984
98985
98989
99043
99044
99045
99047
99048
99051
99052
99053
99054
99055
99056
99057
99061
99062
99064
99073
99081
99085
99100
99105
99110
99129
99141
99164
99185
99186
99187
99188
99262
99263
99267
99290
99291
99298
99300
99302
99306
9934
99340
99346
99353
9936
99368
99442
99443
99444
99445
99455
99456
99457
99458
99459
99478
99489
99511
99512
99533
99547
99548
99563
99604
99608
99617
99620
99621
99622
99623
99624
99625
99626
99627
99628
99629
99630
99631
99710
99718
99719
99720
99721
99722
99723
99758
9979
9980
99806
99909
99912
99913
99914
99915
99916
99923
99926
99935
99938
99963
99964
99965
99978
99979
99980
99981
99982
99983
99984
99985
99986
99987
99988
99996
