104547
104708
105805
105827
105829
105830
107033
107091
107093
107420
107421
107422
107423
107424
107500
109194
109210
109212
109377
109461
109462
109555
11043
11044
11046
11047
11049
11054
11055
11088
11089
11091
11092
111103
111248
111369
111370
111502
112058
112059
112118
112119
112120
112173
112314
112324
11249
112499
112501
112532
112533
112537
112538
112539
112540
11255
11267
11273
11275
11276
11278
11279
11281
11283
11285
11286
11288
11290
11292
11294
112975
112976
113194
113195
113196
113197
113198
113418
113738
113875
113915
113916
113919
114315
114316
114317
114318
114319
114320
114321
114322
11512
11516
11518
11519
11520
11521
11523
11524
115462
115517
115735
115763
115771
115772
115773
115801
115802
115803
115804
115811
115812
115814
115815
115866
116092
116093
116094
116095
11632
116406
11647
11648
116650
116651
116652
116654
116655
116656
116658
116659
116661
116662
116664
116666
116668
116669
116670
116672
116673
116674
116676
116678
116679
116681
116908
117034
117035
117036
117037
117038
117039
117040
117041
117042
117043
117044
117045
117046
117047
117048
117049
117089
117090
117091
117092
117093
117094
117095
117096
117097
117098
117099
117181
117182
117185
117325
117326
117430
117487
117659
117660
117754
117796
117995
117996
117997
117999
118000
118002
118003
118005
118006
118008
118009
118012
11804
11805
118058
11807
118093
118122
118331
118389
118471
118472
118473
118474
118475
118476
118477
118508
118518
118546
118547
118549
118552
118583
118584
118585
118586
118604
118622
118628
118629
118742
118786
118787
118789
118790
118792
118793
119111
119112
119144
119145
119146
119147
119154
119205
119245
119246
119247
119248
119249
119250
119381
119419
119498
119499
119500
119555
119556
120015
120084
120085
120086
120087
120088
120090
120095
120096
120097
120102
120103
120104
120115
120116
120117
120127
12050
120659
120938
120940
121144
121148
121152
121198
121531
121532
121568
121692
121722
121976
121978
122289
122299
122301
122303
122305
122307
122370
122833
122834
122835
122836
122837
122838
122839
122848
122849
122850
122851
122853
122854
122855
122856
122857
122858
122859
122860
122861
122862
122863
122864
122865
122866
122867
122868
122869
122870
122871
122872
122873
122874
122875
122876
122877
122878
122879
122880
122881
123346
123597
123599
123792
123793
123896
124237
124275
124787
124791
124792
124793
124891
124897
124898
124899
125497
125498
125596
125609
125610
125611
125671
125673
125675
125677
125679
125681
125683
125685
125687
125689
125691
125693
125695
125697
125699
125701
125703
125705
125707
125800
125801
125811
125812
125813
125814
125946
125971
125972
125973
125974
125975
125980
125985
125996
125998
126000
126020
126022
126024
126028
126088
126096
126144
126194
126195
126218
126219
126220
126223
126224
126225
126226
126227
126261
126262
126264
126265
126267
126268
126287
126313
126314
126315
126319
126320
126345
126346
127431
127432
127433
127434
127435
127436
127437
127438
127439
127440
127441
127442
127443
127444
127445
127446
127447
127448
127449
127450
127451
127452
127453
127454
127455
127456
127457
127458
127459
127643
127644
127645
127646
127647
127648
127649
127650
127651
127652
127653
127654
127662
127665
127836
127837
127839
127840
127997
127998
127999
128000
128001
128002
128017
128018
128019
128020
128021
128022
128023
128024
128067
128176
128179
128188
128199
128241
128299
128300
128301
128302
128303
128304
128305
128306
128307
128308
128309
128310
128311
128312
128313
128534
12956
12957
130000
130076
130077
130078
130079
130080
130081
130083
13020
13021
130210
13022
13023
130255
130256
130646
130647
130648
130783
130784
130785
130786
130787
130788
130789
130790
130792
130793
130795
130796
130891
130892
131090
131109
131359
131360
131361
131366
131488
131610
131632
131633
131933
131938
132521
132522
132523
132524
132525
132526
132527
132580
132723
133005
133006
133007
133008
133009
133010
133011
133012
133013
133289
133290
133291
133292
133335
133337
133339
133340
133341
133342
133435
133976
133977
134079
134169
134368
134369
134371
134373
134375
134376
134377
134382
134709
134710
134711
134712
134714
134726
134729
134730
134731
134732
134733
134965
135031
135188
135344
135346
135347
136039
136040
136042
136201
136208
136209
136210
136211
136243
136244
136389
136390
136847
136848
136849
137221
137222
137223
137224
137225
137232
137235
137237
137238
137239
137240
137241
137242
137243
137244
137245
137272
137273
137274
137275
137276
137277
137278
137570
137571
137572
137573
137734
137837
137838
137839
137840
137841
137842
137855
137894
137895
137896
137897
137898
137899
137900
137969
137970
137971
137972
137973
137974
137975
137976
138128
138134
13859
13860
13861
139028
139259
139260
139264
139265
139267
139268
139269
139270
139271
139272
139273
139274
139275
139277
139278
139279
139280
139281
139282
13991
140259
140547
141228
141682
141685
141687
141884
141886
142020
142095
142096
142097
142098
142099
142100
142101
142464
142465
142466
142467
142468
142469
142470
142471
142472
142473
142474
142475
142476
142477
142646
142648
142650
142652
142654
142767
142847
142848
142849
142850
142851
142852
142853
142854
142915
142921
142925
143041
143174
143200
143486
143655
143656
143657
143658
143659
143662
143663
143664
143666
143669
143828
143829
143830
143831
143873
143986
144072
144073
144074
144075
144076
144077
144078
144079
144080
144081
144083
144084
144085
144086
144087
144088
144089
144090
144091
144092
144094
144095
144096
144097
144098
144099
144100
144101
144102
144103
144105
144106
144107
144108
144109
144110
144111
144112
144113
144114
144131
144132
144133
144136
144137
144138
144139
144140
144141
144226
144227
144462
144586
144608
144659
144662
144665
144757
144758
144759
144760
144761
144762
144763
144764
144765
144766
144767
144768
144769
144795
144797
144800
144802
144805
144809
144810
144811
144820
144835
144839
145182
145184
145287
145295
145296
145322
145342
145348
145349
145350
145373
145378
145430
145717
145721
145722
145826
145827
145864
145911
145912
145957
146068
146069
14611
146118
146119
14612
146120
146135
146136
146137
146139
14619
14620
14623
14624
14625
14626
14627
14628
14629
14630
14631
14632
14633
14640
14641
14642
14643
14644
14645
14646
146503
146504
14672
146768
146772
146773
146774
146775
146791
147260
147392
14742
147429
14744
147445
147447
147452
147453
147454
147455
147456
147457
147458
147481
147487
147489
147493
147504
147509
147511
147513
147523
147529
147530
147531
14754
14755
147663
147665
147666
14796
148039
14804
148040
148041
148042
148043
148044
14805
148065
148069
14808
14809
148201
148202
148203
148204
148205
148206
148361
148419
148690
148692
148694
148696
148716
148787
148855
149006
149007
149053
149054
149055
149127
149129
149131
149133
149135
149136
149137
149138
149139
149140
149141
149142
149218
14922
149267
149268
14990
150098
150206
150207
150208
150209
150210
150211
150212
150242
150395
150446
150677
150758
150805
150862
150863
151433
151444
151445
151446
151495
151496
151497
151498
151499
151500
151501
151502
151503
151504
151505
151506
151507
151508
151509
151510
151511
151512
151513
151514
151515
151516
151517
151518
151519
151545
151631
151632
151747
151749
151769
151770
151840
151880
151881
151896
151907
151916
151970
151981
152052
152085
152237
152245
152246
152247
152249
152329
152449
152458
152465
152466
152467
152468
152469
152470
152477
152478
152557
152558
152560
152561
152572
152573
152575
152576
152587
152656
152657
152658
152659
152660
152679
152794
152808
152809
152877
152987
153012
153013
153057
153071
153078
153079
153126
153139
153174
153209
153222
153227
153231
153293
153328
153352
153397
153400
153401
153403
153406
153412
153413
153414
153415
153416
153417
153418
153423
153464
153496
153500
153504
153526
153543
153685
153711
153729
153730
153731
153732
153733
153734
153735
153736
153737
153749
153750
153751
153752
153753
153754
153755
153757
153758
153759
153760
153761
153762
153763
153809
153810
153831
153832
153833
153834
153835
153836
153853
153854
153868
153869
153870
153899
153933
153934
153935
153936
153937
154074
154076
154077
154078
154079
154080
154081
154082
154083
154141
154152
154153
154154
154155
154156
154157
154158
154159
154160
154161
154162
154163
154214
154344
154348
154349
154350
154351
154352
154393
154456
154690
154691
154693
154694
154724
154725
154726
154727
154728
154729
154730
154760
154776
154820
154827
154929
154930
154931
154982
154984
155029
155031
155124
155125
155135
155136
155137
155138
155173
155175
155178
155179
155180
155181
155182
155183
155184
155185
155186
155187
155188
155227
155231
155253
155275
155282
155292
155346
155383
155444
155495
155538
155547
155563
155572
155574
155604
155607
155608
155609
155610
155611
155612
155613
155617
155618
155665
155733
155762
155763
155764
155765
155766
155767
155768
155769
155770
155771
155772
155773
155801
155819
155823
155828
155859
155860
155865
155866
155875
155888
155910
155928
156066
156107
156112
156116
156120
156134
156137
156138
156139
156140
156141
156142
156143
156144
15623
156232
156250
156252
156258
156358
156367
156368
156373
156374
156375
156376
156425
156436
156437
156438
156439
156465
156466
156468
156470
156530
156594
156595
156852
156969
156981
157006
157017
157018
157019
157036
157037
157038
157039
157040
157049
157055
157141
157142
157143
157282
157314
157316
157334
157410
157413
157415
157419
157431
157432
157435
157436
157437
157438
157439
157440
157441
157442
157603
157628
157639
157640
157641
157642
157643
157644
157645
157646
157647
157648
157660
157666
157667
157673
157742
157879
157908
158102
158103
158107
158158
158159
158160
158161
158162
158163
158164
158165
158166
158180
158194
158359
158402
158403
158404
158405
158406
158407
158408
158409
158410
158411
158412
158413
158414
158415
158416
158417
158418
158419
158420
158421
158422
158423
158424
158425
158426
158427
158428
158429
158430
158431
158432
158433
158434
158435
158436
158437
158438
158439
158440
158441
158442
158443
158444
158445
158446
158447
158504
158505
158506
158583
158588
158767
158792
158793
158794
158795
158796
158797
158798
158799
158800
158832
158833
158834
158835
158836
158837
158838
158840
158958
159015
159016
159017
159018
159019
159021
159022
159023
159024
159025
15912
159148
159205
159234
159235
159236
159237
159261
159290
159293
159295
159449
159601
159603
159604
159605
159606
159607
159608
159609
159610
159611
159612
159613
159614
159616
159617
159618
159619
159620
159621
159622
159623
159624
159625
159626
159627
159628
159629
159631
159632
159633
159634
159636
159637
159638
159639
159640
159641
159642
159643
159644
159648
159653
159657
159715
159771
159772
159773
159774
159775
159776
159777
159779
159780
159781
159782
159783
159784
159785
159786
159787
159788
159789
159790
159791
159795
159796
159797
159798
159799
159800
159801
159802
159803
159804
159805
159806
159807
159808
159809
15985
159865
159867
159868
159869
159871
159872
159876
159877
159878
159879
159921
159959
159961
159963
159964
159967
159969
159971
159973
159974
159975
159976
16000
160059
160063
160095
16010
160111
160158
16016
160164
160172
160196
160197
16022
160319
160453
160506
160507
160508
160599
160600
160655
160698
160699
160700
160708
160797
160813
160814
160864
160886
160890
160953
160982
161003
161004
161005
161006
161007
161147
161154
161354
161356
161358
161360
161386
161388
161389
161402
161403
161404
161405
161406
161408
161456
161491
161504
161505
161507
161508
161572
16161
161650
161692
161693
16174
161807
161826
161828
16183
161857
161858
161859
161860
161861
161862
161863
161864
161865
161949
161950
16196
16198
16199
162000
162008
162009
162047
162100
162119
162121
162130
162160
162161
162162
162163
162164
162166
162167
162168
162169
162170
162171
162172
162173
162174
162175
162176
162177
162178
162179
162180
162181
162182
162183
162184
162185
162186
162197
162198
162288
162296
162349
162382
162392
162491
162573
162574
162592
162644
162646
162688
162728
162730
162732
162742
162751
162778
162779
162780
162782
162783
162790
162887
162892
162893
162924
162925
162926
163145
163228
163252
163268
163272
163273
163274
163275
163333
163352
163353
163354
163411
163412
163413
163414
163417
163418
163420
163421
163422
163423
163428
163429
163430
163431
163432
163433
163434
163435
163436
163443
163446
163447
163448
163449
163450
163451
163452
163625
163628
163669
163670
163672
163673
163674
163676
163678
163681
163683
163685
163694
163696
163697
163699
163700
163707
163708
163709
163710
163711
163712
163713
163714
163723
163730
163781
163782
163783
163784
163785
163786
163858
163859
163860
163861
163930
163931
163936
164080
164081
164082
164098
164100
164101
164102
164103
164141
164142
164210
164225
164371
164408
164411
164432
164434
164435
164436
164437
164438
164439
164440
164441
164442
164443
164444
164447
164450
164451
164456
164457
164458
164543
164544
164545
164546
164547
164549
164552
164553
164566
164570
164634
164684
164685
164686
164687
164688
164762
164959
164960
164961
164962
164963
164964
164965
164966
164980
165044
165048
165164
165165
165448
165480
165592
165593
165720
165729
165770
165779
165807
165808
165809
165810
165811
165812
165813
165814
165815
165816
165871
165872
165895
165910
165911
165988
165994
166117
166130
166133
166138
166154
166159
166160
166161
166162
166200
166202
166203
166204
166205
166225
166228
166366
166368
166710
166711
166872
166920
167011
167160
167254
167263
167264
167265
167298
167501
167502
167575
167579
167580
167583
167703
167731
167739
167741
167743
167836
167837
167838
167904
167918
167974
167975
167976
167977
168161
168216
168341
168420
168529
168596
168597
168598
168599
168600
168634
168693
168890
168891
168980
168999
169014
169029
169043
169138
169139
169140
169141
169142
169143
169144
169145
169146
169147
169148
169149
169150
169151
169152
169153
169154
169155
169156
169157
169158
169159
169160
169161
169162
169163
169164
169165
169172
169196
169339
169382
169420
169422
169423
169425
169426
169428
169429
169431
169432
169450
169453
169462
169546
169547
169549
169611
169612
169613
169620
169621
169700
169781
169866
169878
169986
170036
170123
170147
170149
170151
170152
170153
170154
170156
170157
170158
170160
170162
170164
170165
170166
170167
170169
170294
170296
170297
170298
170299
170300
170301
170302
170303
170304
170585
170624
170625
170626
170656
170657
170658
170659
170660
170661
170752
170768
170772
170785
170861
170862
170863
170905
170910
170914
171003
171106
171107
171121
171137
171168
171169
171170
171171
171172
171173
171174
171175
171352
171353
171457
171588
171677
171682
171813
171830
171831
171832
171833
171834
171835
171836
171837
171838
171839
171870
171871
171872
171873
171874
171875
171876
171877
171878
171879
171889
171890
171891
171892
171893
171894
171895
171896
171897
171898
171899
171959
171988
171989
172026
172027
172130
172131
172132
172133
172134
172135
172136
172137
172138
172139
172140
172141
172142
172143
172144
172145
172146
172147
172163
172167
172168
172174
172279
172280
172366
172368
172369
172370
172379
172407
172525
172611
172618
172619
172620
172634
172636
172638
172641
172655
172670
172673
172684
172686
172699
172705
172713
172716
172759
172791
172792
172793
172804
172830
172831
172832
172833
172834
172835
172836
172837
172838
172839
172840
172841
172842
172843
173052
173058
173110
173127
173128
173131
173132
173177
173178
173180
173192
173193
173202
173203
173205
173206
173333
173334
173335
173336
173337
173338
173339
173340
173343
173345
173346
173347
173589
173597
173598
173683
173750
173790
173795
173813
173817
173824
173825
173827
173829
173830
173832
173962
173971
173972
173973
173974
173975
173978
173979
173980
173981
174143
174174
174177
174187
174203
174207
174208
174296
174297
174318
174321
174336
174379
174568
174579
174611
174614
174615
174616
174617
17487
17662
17663
17664
17665
17686
17687
17688
17689
17690
17715
17716
17790
17791
17792
180031
180032
180056
180057
180058
180059
180060
180061
180062
180063
180064
180065
180066
180067
180068
180069
180070
180071
180072
180073
180074
180075
180076
180077
180138
180150
180152
180153
180154
180155
180156
180158
180159
180160
180161
180163
180165
180166
180167
180170
180171
180276
180342
180343
180344
180371
180372
180373
180374
180403
180404
180405
180406
180407
180408
180409
180410
180411
180412
180459
180461
180463
180465
180491
180492
180493
180592
180648
180748
180815
180817
180818
180819
180820
180821
180822
180823
180824
180825
180826
180827
180828
180837
180843
180846
180847
180848
180849
180850
180851
180852
180853
180854
180855
180856
180857
180859
180864
180866
180890
180891
180928
180929
180930
180944
180945
180947
180950
180951
180952
180953
180955
180957
180958
180959
180960
180969
180970
180971
180972
180973
180974
180976
180977
180980
180981
180983
180984
180985
180986
181020
181022
181023
181026
181027
181028
181040
181111
181112
181145
181148
181208
181210
181224
181225
181242
181243
181262
181294
181302
181303
181307
181308
181309
181310
181312
181377
181481
181482
181516
181517
181570
181652
181660
181661
181666
181667
181672
181681
181730
181735
181739
181741
181761
181821
181822
181838
181843
181844
181845
181846
181847
181848
181850
181851
181852
181853
181854
181855
181856
181857
181858
181859
181860
181861
181862
181863
181864
181913
181970
181971
181972
181973
181974
181975
181976
181977
181978
181979
182021
182068
182155
182180
182181
182182
182183
182185
182186
182187
182189
182190
182192
182193
182195
182196
182197
182199
182200
18225
18226
182265
182266
18227
182281
182282
182339
182354
182371
182372
182373
182374
182375
182376
182377
182378
182379
182380
182381
182382
182383
182384
182385
182386
182387
182388
182389
182390
182391
182559
182628
182660
182661
182662
182664
182665
182667
182668
182692
182695
182717
182727
182789
182792
182829
182909
182917
182925
182931
182932
182934
182936
182937
182947
182948
182949
182954
182955
182956
182957
182958
182959
182960
182964
182971
182972
182973
182974
182975
182977
182978
182979
182980
182981
182983
182984
182985
182986
182987
182988
182989
182990
183012
183015
183018
183110
183117
183118
183132
183227
183228
183229
183230
183297
183466
183468
183591
183592
183593
183594
183595
183596
183607
183687
183698
183699
183701
183797
183862
183865
183868
183869
183871
183960
183961
183962
183963
183964
183965
183969
183970
183971
183972
183973
183974
183975
183976
183977
184014
184063
184064
184065
184074
184078
184089
184090
184091
184092
184093
184094
184095
184096
184097
184098
184099
184100
184101
184102
184104
184105
184106
184107
184108
184109
184110
184111
184112
184113
184114
184115
184116
184118
184119
184120
184121
184122
184123
184124
184125
184126
184127
184128
184129
184130
184132
184133
184134
184135
184136
184137
184138
184139
184140
184141
184142
184143
184144
184146
184147
184148
184149
184150
184151
184152
184153
184154
184155
184156
184157
184158
184159
184163
184164
184203
184230
184252
184280
184281
184318
184319
184320
184331
184338
184341
184370
184371
184372
184373
184374
184445
184455
184583
184584
184587
184590
184591
184592
184593
184594
184595
184599
184600
184701
184702
184703
184704
184705
184706
184707
184918
184931
184934
184951
184953
184955
184956
184957
184984
184989
185054
185055
185058
185059
185066
185068
185070
185071
185095
185134
185143
185197
185199
185242
185249
185250
185251
185278
185294
185295
185296
185298
185395
185396
185398
185400
185402
185404
18545
185517
185518
185519
185520
185521
185522
185523
185540
185583
185584
185587
185588
185592
185593
185602
185606
185613
185615
185618
185694
185695
185696
185697
185698
185699
185700
185701
185709
185713
185720
185721
185722
185723
185724
185725
185726
185727
185728
185729
185730
185731
185732
185733
185734
185735
185736
185737
185738
185739
185740
185741
185742
185743
185744
185745
185746
185747
185748
185749
185750
185751
185752
185753
185754
185755
185756
185757
185758
18582
18583
18584
185847
18585
185862
185863
185868
185895
185897
185898
185900
185902
185904
185905
185906
185932
186019
186020
186049
186054
186151
186172
186175
186195
186196
186214
186216
186218
186219
186235
186271
186274
186277
186280
186308
186327
186328
186329
186330
186331
186353
186354
186355
186356
186357
186358
186363
186364
186435
186493
186555
186706
186775
186808
186812
186877
186895
186923
186925
186971
186985
186987
187026
187077
187080
187101
187102
187103
187104
187114
187115
187149
187195
187205
187220
187226
187271
187272
187274
187290
187310
18748
187517
187534
187612
187616
187617
187618
18762
187663
187664
187665
187666
187671
187672
187674
187675
187681
187791
187803
187804
187878
187907
187908
187909
187910
187911
187912
187913
187914
187915
187916
187917
187918
187919
187920
188000
188040
188041
188042
188043
188044
188045
18808
188149
188289
188290
188291
188305
188362
18840
188401
188409
188413
188415
188427
188428
188457
188487
188489
188547
188549
188551
188552
188553
188619
188642
188671
188726
188728
188730
188738
188739
188804
188834
188854
188858
188860
188862
188864
188869
188870
188871
188872
188873
188874
188875
188876
188877
188879
188881
188965
188989
188990
188997
189002
189059
18909
189112
189224
189228
189340
189341
189342
189343
189344
189360
189361
189365
189366
189367
189492
189493
189533
189534
189535
189536
189537
189538
189539
189540
189541
189542
189543
189544
189545
189546
189547
189548
189549
189550
189551
189552
189553
189554
189555
189556
189557
189558
189559
189560
189561
189562
189563
189564
189565
189566
189567
189568
189569
189570
189571
189572
189573
189574
189575
189576
189577
189578
189579
189580
189581
189582
189583
189584
189585
189586
189587
189588
189589
189590
189591
189592
189593
189594
189595
189596
189597
189598
189599
189600
189601
189602
189603
189604
189605
189606
189607
189608
189609
189610
189611
189612
189613
189614
189615
189616
189617
189618
189619
189620
189621
189622
189623
189624
189625
189626
189627
189628
189629
189630
189631
189632
189633
189634
189635
189636
189637
189638
189639
189640
189641
189642
189643
189644
189645
189646
189647
189648
189649
189650
189651
189652
18989
189895
189896
18990
189904
189932
189962
189966
189996
190001
190049
190050
190051
190059
190060
190102
190183
190198
190326
190344
190345
190386
190396
190397
190437
190439
190441
190475
190477
190479
190481
190483
190484
190485
190571
190572
190573
190574
190575
190576
190577
190601
190613
190614
190645
190646
190650
190651
190652
190653
190684
190685
190686
190687
190688
190690
190692
190693
190694
190695
190696
190697
190698
190725
190751
190754
190770
190803
190804
190805
190806
190807
190814
190902
190903
190915
190916
190917
190918
190919
190920
190924
191020
191044
191125
191149
191193
19130
191303
191304
191338
191414
191415
191416
191417
191424
191425
191426
191427
191428
191429
191520
191521
191522
191523
191524
191525
191526
191527
191573
191579
191612
191613
191615
191616
191617
191618
191619
191620
191621
191622
191624
191649
191654
191656
191764
191776
191896
19199
19200
192002
192031
19205
192181
192182
192184
192223
192224
192225
192276
192290
192291
192314
19232
19233
192368
192369
192407
192408
192502
192503
192504
192556
192557
192559
192569
192587
192593
192594
19271
19272
192726
19273
19274
19276
19277
19278
19279
192790
192795
19280
192845
192862
192882
192945
193029
193042
193045
193151
193154
193169
193239
193240
193292
193293
193294
193295
193296
193297
193298
193299
193300
193301
193302
193303
193304
193305
193306
193307
193308
193309
193310
193311
193312
193313
193314
193315
193316
193317
193318
193319
193320
193361
193365
193374
193375
193376
193377
193400
193405
193412
193413
193414
193421
193423
193424
193425
193426
193444
193445
193455
19354
193563
193634
193635
193636
193637
193638
193639
193677
193679
193722
193854
193892
193893
193894
193898
193899
193900
193901
193903
193904
193905
193906
193907
193908
193909
193910
193911
193912
193913
193914
193915
193916
193917
193918
193919
193920
193921
193951
193967
193991
193998
193999
194000
194062
194063
194066
194137
194155
194156
194157
194197
194198
194199
194241
194242
194249
194250
194252
194253
194255
194256
194258
194259
194261
194262
194263
194264
194265
194266
194267
194268
194269
194270
194271
194272
194273
194274
194275
194312
194313
194314
194315
194316
194317
194318
194323
194324
194325
194326
194327
194328
194329
194330
194332
194333
194337
194407
194467
194507
194513
194587
194600
194601
194619
194620
194621
194632
194633
194634
194636
194638
194639
194643
194644
194646
194651
194664
194667
194760
194786
194965
194973
195084
195117
195161
195198
195252
195274
195356
195384
195385
195386
195387
195388
195389
195390
195391
195392
195439
195518
195519
195530
195533
195595
195795
195796
195797
195798
195799
195800
195801
195820
195830
195840
195846
195847
195849
195850
195852
195853
195855
195856
195858
195859
195861
195863
195915
195986
195994
195996
196109
196119
196132
196214
196215
196217
196219
196261
19633
19638
19639
19640
196405
196406
196407
196408
196409
19641
19642
19643
19644
19645
196516
196517
196518
196519
196520
196521
196522
196523
196524
196525
196526
196527
19681
19687
19689
19690
19691
19721
19722
19723
19724
19729
19730
19731
19732
19733
19755
19794
19795
19796
19797
19821
19822
19823
19968
19969
19971
19972
19987
20339
21935
22434
22458
22461
22462
22463
22464
22466
22467
22468
22469
22470
22471
22473
22474
22475
22958
22984
22985
230094
230122
230129
230131
230142
230146
230147
230247
230256
230266
230269
230271
230272
230273
230312
230326
230328
230330
230331
230332
230333
230381
230385
230386
230387
230406
230418
230437
230498
230499
230500
230501
230507
230508
230512
230513
230518
230520
230522
230525
230536
230538
230582
230584
230588
230590
230601
230602
230603
230625
230626
230627
230628
230632
230698
230703
230704
230705
230706
230748
230768
230788
230800
230801
230802
230803
230804
230805
230832
230899
230900
230901
230939
230956
230957
230958
231009
231017
231020
231022
231023
23452
234559
234584
234598
234599
234600
235185
235187
235794
235795
235809
235825
235836
235943
235944
235945
235946
235947
235948
235949
235950
235951
235952
235953
235954
235955
235987
236132
236143
236256
236261
236265
236287
236288
236289
236290
236291
236292
236293
236354
236575
236589
236725
236726
236727
236728
236729
236730
236731
236732
236733
236734
236735
236736
236737
236738
236739
236740
236741
236742
236743
236744
236745
236746
236747
236748
236749
236750
236751
236752
236753
236890
236949
236973
236974
236975
236976
237063
237064
237129
237130
237131
237132
237151
237246
237247
237278
237279
237320
237321
237335
237380
237399
237401
237412
237413
237414
237415
237416
237417
237418
237419
237420
237421
237422
237423
237424
237584
237616
237675
237749
237750
237753
237820
237855
237886
237945
237959
237970
238013
238047
238048
238113
238114
238115
238116
238117
238118
238119
238120
238215
238221
238336
238337
238339
238341
238375
238376
238377
238378
238379
238380
238381
238383
238384
238385
238386
238387
238388
238389
238390
238391
238392
238489
238490
238491
238492
238493
238494
238496
238608
238609
238613
238614
238615
238616
238617
238618
238619
238620
238621
238622
238623
238624
238625
238626
238627
238628
238629
238630
238631
238632
238633
238634
238635
238636
238637
238639
238640
238689
238690
238692
238693
238746
238747
238748
238749
238750
238751
238752
238753
238754
238755
238756
238757
238762
238763
238885
238895
238910
238941
238952
238953
238978
238989
239117
239165
239166
239398
239399
239400
239401
239402
239403
239404
239405
239406
239407
239408
239409
239410
239412
239414
239417
239447
239582
239644
239645
239646
239724
239726
239729
239765
239766
239768
239769
239772
239774
239783
239874
239875
240025
240108
240109
240110
240111
240112
240113
240129
240130
240206
240502
240503
240504
240505
240506
240507
240508
240509
240510
240511
240512
240513
240515
240516
240518
240519
240520
240521
240522
240523
240524
240525
240526
240527
240528
240529
240530
240532
240533
240535
240536
240537
240538
240539
240540
240541
240542
240543
240544
240545
240546
240547
240548
240549
240550
240551
240552
240553
240554
240555
240556
240557
240558
240559
240560
240561
240562
240563
240564
240565
240566
240567
240569
240570
240571
240572
240574
240575
240576
240577
240578
240579
240580
240581
240582
240583
240584
240585
240586
240587
240588
240589
240590
240591
240592
240593
240595
240596
240597
240598
240599
240600
240601
240602
240603
240604
240667
240783
240784
240785
240786
240787
240788
240789
240790
240791
240792
240793
240794
240795
240796
240797
240798
240799
240800
240801
240802
240803
240804
240805
240806
240807
240808
240809
240810
240811
240812
240813
240814
240815
240816
240817
240818
240819
240820
240821
240822
240823
240824
240825
240826
240827
240828
240829
240830
240831
240832
240833
240834
240835
240836
240837
240838
240839
240840
240841
240842
240843
240844
240845
240846
240847
240848
240849
240850
240851
240853
240854
240855
240856
240857
240858
240859
241000
241001
241002
241003
241004
241155
241156
241157
241158
241159
241160
241161
241162
241163
241243
241244
241373
241414
241416
241418
241419
241420
241426
241482
241483
241484
241485
241486
241487
241488
241489
241490
241491
241492
241656
241659
241660
241661
241676
241684
241685
241686
241687
241688
241689
241690
241691
241692
241693
241694
241695
241696
241697
241698
241699
241700
241701
241702
241703
241704
241705
241706
241707
241708
241709
241710
241711
241712
241713
241714
241715
241716
241717
241718
241719
241720
241721
241722
241723
241724
241725
241726
241727
241728
241729
241730
241731
241732
241733
241734
241735
241736
241737
241738
241739
241740
241741
241742
241743
241744
241745
241746
241747
241748
241749
241750
241751
241752
241753
241754
241755
241756
241757
241758
241759
241760
241761
241762
241763
241764
241765
241766
241767
241768
241769
241770
241771
241772
241773
241774
241775
241776
241777
241778
241779
241780
241781
241782
241783
241784
241785
241786
241787
241788
241798
241799
241800
241801
241802
241803
241804
241805
241806
241807
241808
241809
241810
241811
241812
241813
241814
241815
241816
241817
241818
241819
241820
241821
241822
241823
241824
241825
241826
241827
241828
241840
241846
241848
241851
241854
241855
241906
241937
241938
242011
242012
242013
242014
242015
242021
242022
242023
242024
242025
242038
242039
242040
242103
242109
242138
243320
243321
243322
243323
243324
243325
243326
243327
243328
243329
243330
243331
243332
243333
243334
243335
243336
243337
243338
243339
243340
243341
243342
243343
243344
243345
243346
243347
243348
243349
243350
243351
243354
243378
243417
243662
243678
243719
243720
243794
243795
243796
243797
243798
243917
244087
244088
244089
244090
244091
244092
244093
244094
244095
244096
244097
244106
244143
244146
244147
244151
244152
244153
244205
244290
244291
244292
244293
244294
244295
244301
244304
244519
244746
245012
245013
245014
245015
245069
245070
245071
245072
245083
245091
245142
245194
245199
245200
245246
245258
245259
245260
245261
245262
245273
245274
245319
245320
245321
245322
245323
245324
245354
245357
245359
245361
245363
245365
245367
245456
245459
245539
24559
245599
245607
245641
245653
245654
245660
245661
245662
245794
245808
245812
245813
245814
245815
245816
245834
245849
245850
245934
245936
245949
245950
245951
245952
245953
245954
245955
245993
245994
245995
245996
246001
246012
246014
246018
246087
246095
246111
246112
246153
246154
246155
246164
246192
246252
246263
246264
246265
246356
246372
246403
246518
246519
246520
246545
246546
246556
246576
246577
246578
246706
246851
246852
246928
246969
247003
247024
247034
247035
247036
247065
247066
247071
247072
247073
247074
247075
247076
247077
247078
247079
247080
247081
247082
247083
247084
247085
247086
247087
247088
247191
247196
247197
24722
247330
247503
247504
247506
247507
247508
247529
247534
247577
247668
247669
247670
247671
247672
247673
247725
247726
247727
247728
247729
247730
247798
247800
247801
247821
247829
247876
247877
247878
247879
247880
247881
247882
247883
247884
248013
24809
248168
248170
248172
248174
248176
248178
248180
248182
248184
248186
248188
248190
248235
248240
248241
248242
248243
248256
248381
248437
248438
248439
248440
248459
248564
248565
248572
248575
248576
248577
248578
248579
248598
248599
248600
248601
248602
248603
248604
248605
248606
248607
248609
248610
248611
248612
248613
248614
248615
248646
248647
248648
248649
248678
248680
248682
248684
248756
248757
248758
248792
248795
248803
24887
248878
248886
248888
248930
248955
249005
249010
249011
249012
249013
249022
249047
249063
249070
249077
249084
249087
249092
249099
249178
24924
249301
249339
249566
24963
249756
249948
249949
249950
249951
249972
249974
249976
249990
249999
250053
250054
250094
250165
250195
250285
250304
250355
250538
250539
250540
250575
250576
250627
250628
250630
250743
250762
250793
250803
250807
250843
250844
250845
250906
250912
251028
251141
251142
251143
251144
251145
251146
251384
251385
251389
251390
251393
251394
251473
251474
251475
251476
251477
251479
251480
251481
251482
251484
251485
251486
251487
251489
251490
251491
251492
251499
251500
251522
251523
251524
251525
251526
251562
251563
251568
251626
251640
251641
251642
251643
251644
251645
251646
251647
251648
251828
251843
251844
251845
251846
251848
251849
251850
251851
251852
251853
251854
251856
251857
251858
251859
252044
252082
252127
252129
252131
252133
252135
252144
252164
252227
252236
252237
252238
252364
252365
252366
252367
252368
252369
252370
252371
252373
252390
252395
252414
252415
252416
252451
252485
252562
252596
252597
252609
252610
252611
252612
252620
252625
252629
252635
252678
252713
252836
252930
252963
252964
253061
253063
253104
253199
253235
253268
253374
253391
253392
253393
253414
253416
253419
253420
253421
253564
253721
253744
253747
253789
253854
253856
253857
253878
253879
253880
253917
253995
254000
254005
254009
254011
254015
254016
254020
254022
254026
254027
254051
254202
25446
255827
256209
256210
256220
257049
257050
257051
257052
257078
257115
257139
257140
257141
257142
257143
257162
257181
257215
257216
257224
257225
257226
257227
257230
257231
257233
257257
257258
257259
257260
257261
257262
257263
257272
257334
257335
257336
257337
257338
257339
257340
257341
257342
257343
257372
257409
257492
257580
257581
257582
257629
257690
257710
257711
257712
257714
257715
257716
257729
257794
257795
257796
257798
257828
257930
257935
257976
257977
257978
257979
257980
257981
257990
257991
258009
258010
258011
258012
258013
258023
258025
258026
258027
258028
258029
258058
258059
258063
258116
258117
258118
258119
258120
258121
258122
258123
258124
258125
258126
258127
258128
258129
258130
258131
258132
258133
258134
258135
258136
258137
258138
258139
258140
258141
258142
258143
258144
258145
258147
258148
258149
258150
258151
258152
258153
258154
258155
258156
258213
258214
258215
258216
258217
258219
258220
258221
258222
258223
258225
258226
258227
258228
258229
258231
258232
258233
258234
258235
258237
258238
258239
258240
258241
258243
258244
258245
258246
258247
258248
258249
258257
258276
258277
258278
258279
258280
258281
258282
258283
258284
258285
258286
258367
258369
258371
258372
258373
258374
258375
258377
258379
258388
258465
258479
258480
258481
258482
258483
258484
258485
258486
258487
258488
258489
258490
258491
258492
258493
258494
258495
258496
258535
258536
258537
258538
258539
258540
258541
258542
258543
258544
258545
258576
258591
258592
258593
258594
258595
258634
258734
258747
258749
258750
258754
258806
258807
258810
258811
258812
258813
258839
258841
258844
258855
258888
258893
258894
258900
258907
259067
259069
259114
259140
259142
259144
259149
259150
259158
259162
259164
259170
259187
259188
259189
259200
259202
259204
259205
259207
259208
259210
259212
259239
259240
259271
259272
259273
259274
259275
259284
259285
259286
259287
259288
259289
259290
259291
259292
259293
259294
259295
259296
259298
259299
259300
259301
259302
259303
259334
259382
259384
259386
259387
259402
259403
259409
259411
259414
259415
259438
259698
259699
259701
259703
259705
259707
259726
259729
259732
259738
259739
259740
259741
259747
259752
259753
259754
259755
259756
259757
259758
259759
259760
259776
259777
259778
259779
259785
259797
259812
259815
259816
259817
259823
259849
259850
259851
259861
259904
259910
259911
259913
259914
259915
259916
259917
259918
259919
259920
259921
259923
259924
259925
259926
259927
259928
259930
259932
259933
259935
259937
259939
259940
259941
259942
259944
259948
259952
259953
259954
259970
260028
260039
260137
260138
260139
260140
260141
260169
260172
260212
260324
260367
260470
260473
260484
260502
260512
260513
260551
260556
260560
260584
260585
260586
260587
260588
260589
260697
260781
260802
260803
260804
260805
260853
260854
260855
260856
260857
260858
260868
260869
260870
26091
260982
261067
261068
261069
261070
261071
261072
261073
261074
261075
261076
261077
261078
261079
261080
261081
261082
261083
261084
261085
261086
261087
261088
261089
261090
261091
261092
261093
261094
261095
261111
261135
261137
261138
261140
261141
261142
261302
261415
261453
261480
261481
261482
261483
261484
261530
261549
261557
261586
261625
261626
261715
261717
261758
261759
261765
261770
261847
261848
261849
261850
261851
261853
261854
261884
261965
261966
262059
262080
262086
262087
262088
262090
262093
262096
262097
262099
262100
262101
262102
262103
262104
262105
262131
262132
262269
262286
262318
262319
262326
262461
262462
262463
262464
262465
262466
262467
262468
262469
262470
262471
262472
262473
262474
262475
262476
262477
262478
262479
262480
262481
262482
262483
262484
262485
262486
262487
262488
262489
262490
262593
262742
262755
262838
262849
262855
262856
262857
262858
262859
262860
262924
262934
262974
262975
264479
264487
264697
264700
264719
264724
264765
264766
264767
264768
264770
264932
265180
267193
267204
26762
26768
26779
26799
26802
26805
26851
26852
26853
26854
26855
26866
26872
268781
268783
268784
268785
26916
26927
26928
26930
26931
27142
279581
280321
280323
280375
280399
280401
280424
280548
280550
280552
280606
280607
280693
280765
280985
281041
281065
281136
281378
281457
281550
281601
281676
28428
290002
290015
290114
290115
290133
290278
290463
290464
290465
290466
290467
290501
290502
290599
290601
290602
290720
290721
290728
290756
290757
290758
290759
290760
290761
290762
290763
290764
290765
290766
290873
290874
290875
290876
290877
290878
290879
290909
290960
290961
290962
290963
290964
290965
290967
291000
291001
291002
291003
291027
291064
291065
291115
291119
291145
291147
291148
291250
291251
291253
291255
291257
291259
291261
291263
291265
291267
291269
291271
291328
291329
291330
291331
291332
291333
291334
291335
291430
291488
291489
291495
291503
291572
291578
291597
291598
291615
29490
29589
29590
29591
29592
29593
29594
29595
29596
29597
29598
29599
29600
29601
29602
29603
29604
29605
29606
29607
29608
29609
29610
29611
29612
29613
29614
29615
29616
29617
29619
29620
29621
29623
29624
29625
29627
29628
29629
29630
29631
29632
29633
29634
29635
29636
29637
29638
29639
29640
29641
29642
29643
29644
29645
29646
29647
29648
29649
29669
29670
29682
29686
29690
29707
29711
29742
29743
29744
29769
29879
29891
29929
2993
2995
2996
29988
30146
31041
31045
31405
31439
31440
31441
31442
31443
31444
31445
31446
31447
31450
31451
31454
31455
31456
31457
31458
31459
31464
31465
31468
31486
31776
31778
31779
32213
32214
32215
32222
32229
32235
32238
32239
32316
32317
32318
32319
32348
32349
32353
32370
32372
32373
32375
32598
32837
32839
33181
33187
33298
33306
33326
33333
33361
33367
33368
33369
33370
33371
33372
33373
33374
33375
33376
33420
33429
33430
33431
33432
33433
33434
33435
33437
33438
33439
33440
33441
33445
33446
33447
33448
33449
33450
33451
33452
33454
33455
33456
33457
33458
33459
33460
33461
33462
33463
33466
33931
34083
34377
34381
34383
34384
34385
34386
34390
34395
34398
34399
34400
34402
34403
34404
34405
34409
34410
34412
34424
34426
34427
34428
34431
34432
34479
34529
34768
34769
34770
34778
34795
34796
34798
34800
34804
34809
34828
34839
34906
34909
34910
34949
34951
34952
34954
34955
34956
34982
34983
35004
35074
35077
35080
35083
35113
35114
35115
35131
35599
35820
35846
35847
35925
35931
35932
35933
35934
35935
35936
35937
35939
35940
35941
35942
35943
35944
35945
35946
35947
35948
35949
35950
35992
36674
36676
36692
36693
36703
36706
36709
36730
36742
36746
36747
36749
36750
36752
36769
36951
36953
36955
36957
37056
37464
37501
37502
37503
37504
37505
37515
37516
37517
37518
37519
37520
37577
37578
37583
37605
37679
37680
37681
37682
37683
37684
37700
37701
37702
37703
37704
37705
37706
37707
37708
37710
37711
37712
37713
37714
37715
37716
37717
380497
38224
38230
38234
38240
38241
38632
38633
38634
386497
38730
38766
38769
38828
38842
38844
38845
38846
38848
38916
38980
38983
38997
39000
39030
39035
39042
39058
391132
403458
403459
403460
403461
403462
403588
403589
403590
403591
403592
40806
40807
40809
40811
408145
40836
40837
40838
40857
40858
40860
40867
40868
40869
40879
409448
409449
409501
409542
409610
409611
409632
409634
409635
409643
409674
409713
40972
40985
409885
410754
410819
41093
411001
411021
411026
411179
411210
411219
411325
411327
411540
411757
412059
412142
412143
412313
412317
412981
412982
412983
412984
412985
412986
413035
413036
413037
413038
413098
413099
413100
413101
413102
413103
413104
413106
413107
413108
413110
413111
413112
413202
413258
413340
413494
413594
413714
413878
414162
414163
414260
414350
414362
414372
414373
414374
414375
414376
414377
414378
414379
414380
414381
414382
414383
414384
414385
414386
414387
414388
414389
414390
414391
414392
414393
414394
414395
414396
415194
415489
415715
415767
415809
415810
415811
415812
415813
416619
416680
416807
416808
416809
416810
416811
416812
41683
416927
416928
416929
41704
41710
417298
417299
417300
417301
417467
417541
417542
417543
417544
417634
417681
417683
417688
417689
417705
417903
417904
417969
417970
418017
418091
418209
418489
418692
418966
418992
419039
419137
419207
419624
419735
419808
419840
419841
420155
420225
420428
420429
420822
421110
421111
421112
421113
421115
421116
421117
421118
421173
421186
421188
421190
421275
421276
421481
421549
421629
422259
422385
422386
422387
422388
422389
422585
422586
422745
423033
423034
423134
423135
423178
42365
42368
42421
42465
424716
424820
424821
42506
42508
42521
425446
425780
426864
426892
426895
426896
426897
427045
427046
427048
427064
427142
427143
427144
427145
427146
427147
427561
427562
428378
428379
428428
428430
428505
428506
428531
428543
429180
42967
429686
429727
430245
43094
43096
431053
43106
43114
431369
431370
431824
432251
432253
432254
432255
432740
432818
433046
433184
433185
433186
433187
433233
433234
433236
433237
433239
433240
433242
433243
433245
433246
433248
433249
434515
434516
434517
434697
434770
44216
44295
44305
44313
4532
4533
4534
4537
4538
45529
45530
45531
45532
45533
45535
45556
45557
45558
45559
45588
45590
45592
45639
45640
45641
45642
45643
45644
45645
45646
45647
45648
45649
45650
45651
45652
45653
45654
45655
45656
45657
45658
45659
45668
45669
45670
45671
45672
45673
45677
45679
45735
45736
45737
45738
45744
45940
45987
45988
45989
45990
45991
46112
46113
46137
46138
46139
46140
46141
46142
46143
46144
46145
46146
46147
46148
46149
46150
46151
46152
46153
46154
46155
4657
4681
46831
46832
46833
46834
46835
46836
46837
46838
46839
46840
46963
46965
46967
46987
47274
47284
47285
47286
47412
47413
47414
47415
47416
47417
47418
47420
47421
47422
47423
47424
47425
47426
47427
47429
47430
47431
47432
47433
47434
47435
47436
47437
47438
47439
47440
47441
47442
47443
47444
47446
47447
47491
47492
47493
47494
47495
47496
47497
47498
47499
47500
47501
47502
47503
47504
47505
47506
47507
47513
47514
47544
47545
47546
47547
47548
47549
47550
47551
47552
47553
47612
47613
47615
47616
47621
47810
47811
47812
47814
4806
4807
4808
4809
4810
4811
4812
48340
4836
48360
4851
48699
48702
48705
48786
48877
49125
49126
49127
49128
49129
49130
49131
49132
49133
49134
49135
49148
49149
49150
49151
49152
49153
49154
49155
49156
49157
49600
49635
49637
49639
49640
49831
49833
51290
51409
51495
51571
51573
51608
51609
51610
51611
51612
51613
51619
51659
51665
51671
51682
51688
51691
51695
51894
51896
51897
5210
5211
5247
5271
5298
5335
5336
5337
54237
54665
54666
54668
54669
54672
54673
54674
54675
54676
54677
54678
54679
54680
54683
54685
54686
54688
54690
54691
54693
54695
54699
54702
54703
54705
54709
54791
54811
54812
54813
54814
54815
54816
54817
54818
54819
54820
54821
54864
54865
54866
54867
54915
54916
55068
55116
55117
55222
55284
5532
5534
55387
5545
55462
55463
55464
55465
55466
55467
55468
55469
55470
55471
55472
55473
55474
55486
55487
55489
55490
55491
5561
5564
55657
55661
5568
55694
5570
5571
5572
55733
55735
5575
5579
5581
5582
5583
55832
55834
5587
5589
5591
5595
5596
5599
5600
5601
5603
5606
5607
5611
57319
58019
58021
58074
58105
58154
59016
59582
59583
59584
5971
59739
59740
59741
59744
59750
59766
5984
5985
5986
5987
5990
5991
5992
59929
59931
59955
59956
59957
59958
59959
6018
60460
6142
6156
6160
62635
62702
62821
62822
62913
62925
62976
63056
63061
63066
63072
63078
63079
63091
63092
63093
63094
63106
63107
63527
63898
63899
63925
64082
64083
64085
64204
64205
64206
64421
64422
70093
70135
70211
70212
70213
70252
70253
70255
70257
70344
70523
70526
70623
70795
70796
70809
70815
70903
73676
73681
73718
73773
74584
74688
759640
759644
759650
759652
759676
759677
759678
759679
759680
759681
759682
759683
759684
759685
759694
759695
759796
760017
760020
760311
760316
760462
760468
7954
80949
81937
81951
83755
8381
8382
8386
8387
8388
8389
8390
8400
8401
8406
8408
8415
85390
85476
8619
8633
8676
8688
8689
8690
8691
8695
8697
8698
8699
8701
8702
8703
8704
8818
89727
89728
89729
89730
89731
89732
89733
89734
89735
89736
89737
89738
89980
89985
90049
90056
90057
90093
90135
90156
90172
90173
90174
90175
90176
90177
90178
90179
90180
90181
90182
90201
90450
90465
90466
90467
90486
90507
90508
90509
90511
90513
90550
90551
90552
90553
90554
90555
90556
90616
90673
90674
90675
90676
90677
90678
90679
90680
90681
90686
90729
90742
90883
9093
91001
91052
91062
91096
91097
91295
91296
91338
91565
91574
91827
91828
91829
91874
91899
91929
91930
91931
91932
91933
91934
91935
91936
91937
91938
91939
91940
91941
91942
91943
91955
91956
91957
91958
91959
91960
91961
92095
92096
92099
92103
92217
92218
92219
92221
92238
92335
92492
92537
92539
92540
92541
92542
92544
92545
92546
92549
92561
92562
92576
92767
92900
92902
92911
92919
93027
93114
93316
93317
93318
93319
93320
93321
93322
93323
93324
93325
93326
93327
93328
93429
93430
93434
93455
93456
93457
93599
93627
93629
93631
93633
93634
93635
93763
93770
93905
93930
93942
93943
93944
93945
93984
94000
94015
94016
94017
94018
94019
94020
94021
94022
94023
94071
94074
94089
94155
94156
94157
94158
94159
94160
94161
94162
94163
94164
94165
94166
94167
94168
94169
94170
94171
94172
94173
94174
94175
94176
94177
94178
94179
94180
94181
94182
94183
94215
94216
94283
94284
94285
94286
94287
94296
94297
94298
94339
94340
94449
94573
94597
94598
94599
94600
94601
94602
94603
94604
94605
94606
94607
94608
94609
94610
94611
94612
94613
94614
94615
94616
94617
94618
94619
94630
94631
94632
94633
94634
94635
94636
94637
94758
94761
94762
94888
94892
94962
94994
95037
95053
95229
95273
95295
95313
95396
95399
95400
95437
95451
95479
95482
95595
95621
95622
95624
95625
95626
95714
95715
95716
96012
96060
96119
96139
96189
96291
96297
96317
96416
96417
96500
96504
96505
96506
96523
96524
96589
96631
96639
96688
96736
96737
96738
96780
96831
96832
96833
96834
96835
96836
96837
96838
96839
96840
96841
96842
96843
96844
96845
96846
96847
96848
96849
96850
96851
96852
96853
96854
96855
96856
96857
96858
96859
96860
96861
96862
96863
96864
96865
96866
96867
96868
96869
96870
96871
96872
96873
96874
96875
96876
96877
96878
96879
96880
96881
96882
96883
96884
96885
96886
96887
96888
96889
96890
96891
96892
96893
96894
96895
96896
96897
96898
96899
96900
96901
96902
96903
96904
96935
96938
96940
96953
96959
96975
96977
96978
96979
96980
96982
96983
96984
96985
96986
96987
96988
96989
96990
96991
96992
96994
96995
96996
96997
96998
96999
97000
97001
97002
97003
97029
97078
97079
97080
97120
97121
97122
97123
97124
97125
97126
97127
97128
97129
97130
97131
97132
97133
97134
97135
97136
97137
97138
97139
97140
97141
97142
97143
97144
97145
97146
97147
97148
97149
97150
97151
97152
97153
97154
97155
97156
97157
97158
97159
97160
97161
97162
97163
97164
97165
97166
97167
97168
97169
97170
97171
97172
97173
97174
97175
97176
97177
97178
97179
97180
97201
97387
97389
97399
97459
97460
97461
97462
97473
97555
97588
97609
97616
97617
97618
97619
97621
97681
97780
97825
97852
97870
97991
97993
98047
98050
98053
98056
98085
98087
98144
98163
98184
98185
98186
98187
98189
98190
98192
98274
98459
98493
98524
98551
98552
98553
98578
98579
98696
98697
98781
98784
98807
98808
98809
98810
98811
98812
98813
98814
98815
98816
98817
98818
98819
98820
98871
98889
98902
98912
98946
98955
98986
98987
98988
98990
98991
99063
99090
99181
99211
99265
99266
99268
99299
99367
99436
99437
99479
99532
99633
99636
99637
99638
99660
99736
99759
99775
